<?xml version="1.0" encoding="UTF-8"?>
<coverage generated="1761458100140" clover="3.2.0">
  <project timestamp="1761458100140" name="All files">
    <metrics statements="571" coveredstatements="440" conditionals="237" coveredconditionals="172" methods="128" coveredmethods="99" elements="936" coveredelements="711" complexity="0" loc="571" ncloc="571" packages="4" files="14" classes="14"/>
    <package name="app">
      <metrics statements="306" coveredstatements="225" conditionals="135" coveredconditionals="96" methods="76" coveredmethods="53"/>
      <file name="_layout.tsx" path="/Users/david/dev/FlippersLog/.worktrees/gps-venues/app/_layout.tsx">
        <metrics statements="1" coveredstatements="0" conditionals="0" coveredconditionals="0" methods="1" coveredmethods="0"/>
        <line num="6" count="0" type="stmt"/>
      </file>
      <file name="capture.tsx" path="/Users/david/dev/FlippersLog/.worktrees/gps-venues/app/capture.tsx">
        <metrics statements="39" coveredstatements="0" conditionals="30" coveredconditionals="0" methods="7" coveredmethods="0"/>
        <line num="10" count="0" type="stmt"/>
        <line num="11" count="0" type="stmt"/>
        <line num="12" count="0" type="stmt"/>
        <line num="13" count="0" type="stmt"/>
        <line num="14" count="0" type="stmt"/>
        <line num="15" count="0" type="stmt"/>
        <line num="17" count="0" type="cond" truecount="0" falsecount="2"/>
        <line num="18" count="0" type="stmt"/>
        <line num="21" count="0" type="cond" truecount="0" falsecount="2"/>
        <line num="22" count="0" type="stmt"/>
        <line num="35" count="0" type="stmt"/>
        <line num="36" count="0" type="cond" truecount="0" falsecount="2"/>
        <line num="37" count="0" type="stmt"/>
        <line num="38" count="0" type="cond" truecount="0" falsecount="2"/>
        <line num="39" count="0" type="stmt"/>
        <line num="44" count="0" type="stmt"/>
        <line num="45" count="0" type="stmt"/>
        <line num="47" count="0" type="cond" truecount="0" falsecount="2"/>
        <line num="48" count="0" type="stmt"/>
        <line num="49" count="0" type="stmt"/>
        <line num="52" count="0" type="stmt"/>
        <line num="58" count="0" type="cond" truecount="0" falsecount="4"/>
        <line num="59" count="0" type="stmt"/>
        <line num="63" count="0" type="stmt"/>
        <line num="64" count="0" type="stmt"/>
        <line num="67" count="0" type="stmt"/>
        <line num="68" count="0" type="cond" truecount="0" falsecount="2"/>
        <line num="70" count="0" type="stmt"/>
        <line num="71" count="0" type="stmt"/>
        <line num="72" count="0" type="stmt"/>
        <line num="75" count="0" type="cond" truecount="0" falsecount="2"/>
        <line num="77" count="0" type="stmt"/>
        <line num="81" count="0" type="stmt"/>
        <line num="85" count="0" type="stmt"/>
        <line num="96" count="0" type="stmt"/>
        <line num="101" count="0" type="stmt"/>
        <line num="106" count="0" type="cond" truecount="0" falsecount="2"/>
        <line num="109" count="0" type="stmt"/>
        <line num="170" count="0" type="stmt"/>
      </file>
      <file name="edit-score.tsx" path="/Users/david/dev/FlippersLog/.worktrees/gps-venues/app/edit-score.tsx">
        <metrics statements="64" coveredstatements="58" conditionals="34" coveredconditionals="32" methods="12" coveredmethods="11"/>
        <line num="7" count="61" type="stmt"/>
        <line num="14" count="61" type="stmt"/>
        <line num="15" count="61" type="stmt"/>
        <line num="17" count="61" type="cond" truecount="2" falsecount="0"/>
        <line num="18" count="61" type="cond" truecount="2" falsecount="0"/>
        <line num="19" count="61" type="stmt"/>
        <line num="20" count="61" type="stmt"/>
        <line num="21" count="61" type="stmt"/>
        <line num="22" count="61" type="stmt"/>
        <line num="23" count="61" type="stmt"/>
        <line num="25" count="61" type="stmt"/>
        <line num="26" count="22" type="cond" truecount="2" falsecount="0"/>
        <line num="27" count="7" type="stmt"/>
        <line num="29" count="22" type="stmt"/>
        <line num="32" count="61" type="stmt"/>
        <line num="33" count="7" type="stmt"/>
        <line num="34" count="7" type="stmt"/>
        <line num="35" count="7" type="cond" truecount="1" falsecount="1"/>
        <line num="36" count="7" type="stmt"/>
        <line num="37" count="7" type="cond" truecount="2" falsecount="0"/>
        <line num="38" count="7" type="stmt"/>
        <line num="40" count="7" type="stmt"/>
        <line num="42" count="0" type="stmt"/>
        <line num="43" count="0" type="stmt"/>
        <line num="47" count="61" type="stmt"/>
        <line num="48" count="22" type="stmt"/>
        <line num="49" count="22" type="stmt"/>
        <line num="50" count="22" type="stmt"/>
        <line num="52" count="0" type="stmt"/>
        <line num="56" count="61" type="stmt"/>
        <line num="57" count="8" type="stmt"/>
        <line num="60" count="8" type="cond" truecount="4" falsecount="0"/>
        <line num="61" count="1" type="stmt"/>
        <line num="62" count="1" type="stmt"/>
        <line num="66" count="7" type="cond" truecount="4" falsecount="0"/>
        <line num="67" count="2" type="stmt"/>
        <line num="68" count="2" type="stmt"/>
        <line num="71" count="5" type="stmt"/>
        <line num="72" count="5" type="cond" truecount="2" falsecount="0"/>
        <line num="73" count="2" type="stmt"/>
        <line num="78" count="3" type="stmt"/>
        <line num="85" count="5" type="stmt"/>
        <line num="87" count="0" type="stmt"/>
        <line num="91" count="61" type="stmt"/>
        <line num="92" count="0" type="stmt"/>
        <line num="95" count="61" type="stmt"/>
        <line num="96" count="4" type="stmt"/>
        <line num="98" count="4" type="cond" truecount="1" falsecount="1"/>
        <line num="99" count="0" type="stmt"/>
        <line num="101" count="4" type="stmt"/>
        <line num="102" count="6" type="stmt"/>
        <line num="104" count="4" type="stmt"/>
        <line num="108" count="61" type="stmt"/>
        <line num="109" count="3" type="stmt"/>
        <line num="110" count="3" type="stmt"/>
        <line num="111" count="3" type="stmt"/>
        <line num="114" count="61" type="stmt"/>
        <line num="115" count="6" type="stmt"/>
        <line num="118" count="61" type="cond" truecount="2" falsecount="0"/>
        <line num="119" count="7" type="stmt"/>
        <line num="126" count="54" type="stmt"/>
        <line num="159" count="5" type="stmt"/>
        <line num="162" count="3" type="stmt"/>
        <line num="204" count="3" type="stmt"/>
      </file>
      <file name="edit-table.tsx" path="/Users/david/dev/FlippersLog/.worktrees/gps-venues/app/edit-table.tsx">
        <metrics statements="44" coveredstatements="38" conditionals="20" coveredconditionals="18" methods="9" coveredmethods="6"/>
        <line num="12" count="21" type="stmt"/>
        <line num="19" count="21" type="stmt"/>
        <line num="20" count="21" type="stmt"/>
        <line num="22" count="21" type="cond" truecount="2" falsecount="0"/>
        <line num="23" count="21" type="cond" truecount="2" falsecount="0"/>
        <line num="24" count="21" type="stmt"/>
        <line num="25" count="21" type="stmt"/>
        <line num="26" count="21" type="stmt"/>
        <line num="28" count="21" type="stmt"/>
        <line num="29" count="7" type="stmt"/>
        <line num="32" count="21" type="stmt"/>
        <line num="33" count="7" type="stmt"/>
        <line num="35" count="7" type="cond" truecount="2" falsecount="0"/>
        <line num="36" count="1" type="stmt"/>
        <line num="37" count="1" type="cond" truecount="1" falsecount="1"/>
        <line num="38" count="1" type="stmt"/>
        <line num="39" count="1" type="cond" truecount="1" falsecount="1"/>
        <line num="40" count="1" type="stmt"/>
        <line num="45" count="7" type="stmt"/>
        <line num="46" count="7" type="stmt"/>
        <line num="47" count="7" type="stmt"/>
        <line num="49" count="0" type="stmt"/>
        <line num="50" count="0" type="stmt"/>
        <line num="54" count="21" type="stmt"/>
        <line num="55" count="3" type="cond" truecount="2" falsecount="0"/>
        <line num="56" count="1" type="stmt"/>
        <line num="57" count="1" type="stmt"/>
        <line num="60" count="2" type="stmt"/>
        <line num="61" count="2" type="cond" truecount="2" falsecount="0"/>
        <line num="62" count="1" type="stmt"/>
        <line num="64" count="1" type="stmt"/>
        <line num="71" count="2" type="stmt"/>
        <line num="73" count="0" type="stmt"/>
        <line num="77" count="21" type="stmt"/>
        <line num="78" count="0" type="stmt"/>
        <line num="81" count="21" type="stmt"/>
        <line num="82" count="0" type="stmt"/>
        <line num="85" count="21" type="cond" truecount="2" falsecount="0"/>
        <line num="86" count="7" type="stmt"/>
        <line num="93" count="14" type="stmt"/>
        <line num="114" count="17" type="stmt"/>
        <line num="117" count="8" type="stmt"/>
        <line num="120" count="0" type="stmt"/>
        <line num="142" count="1" type="stmt"/>
      </file>
      <file name="index.tsx" path="/Users/david/dev/FlippersLog/.worktrees/gps-venues/app/index.tsx">
        <metrics statements="47" coveredstatements="38" conditionals="12" coveredconditionals="12" methods="22" coveredmethods="16"/>
        <line num="12" count="3" type="stmt"/>
        <line num="13" count="66" type="stmt"/>
        <line num="20" count="76" type="stmt"/>
        <line num="21" count="76" type="stmt"/>
        <line num="22" count="76" type="stmt"/>
        <line num="23" count="76" type="stmt"/>
        <line num="28" count="76" type="stmt"/>
        <line num="29" count="78" type="stmt"/>
        <line num="30" count="78" type="stmt"/>
        <line num="31" count="78" type="stmt"/>
        <line num="32" count="78" type="stmt"/>
        <line num="35" count="76" type="stmt"/>
        <line num="36" count="0" type="stmt"/>
        <line num="37" count="0" type="stmt"/>
        <line num="38" count="0" type="stmt"/>
        <line num="41" count="76" type="stmt"/>
        <line num="42" count="1" type="stmt"/>
        <line num="43" count="1" type="stmt"/>
        <line num="44" count="1" type="stmt"/>
        <line num="48" count="76" type="stmt"/>
        <line num="50" count="76" type="stmt"/>
        <line num="54" count="76" type="stmt"/>
        <line num="55" count="46" type="stmt"/>
        <line num="58" count="76" type="stmt"/>
        <line num="59" count="1" type="stmt"/>
        <line num="65" count="76" type="stmt"/>
        <line num="66" count="1" type="stmt"/>
        <line num="67" count="1" type="stmt"/>
        <line num="69" count="1" type="stmt"/>
        <line num="71" count="0" type="stmt"/>
        <line num="75" count="76" type="stmt"/>
        <line num="76" count="46" type="stmt"/>
        <line num="79" count="1" type="stmt"/>
        <line num="89" count="76" type="cond" truecount="2" falsecount="0"/>
        <line num="90" count="0" type="stmt"/>
        <line num="92" count="0" type="stmt"/>
        <line num="94" count="0" type="stmt"/>
        <line num="97" count="76" type="stmt"/>
        <line num="123" count="59" type="stmt"/>
        <line num="129" count="45" type="stmt"/>
        <line num="139" count="46" type="stmt"/>
        <line num="141" count="46" type="stmt"/>
        <line num="164" count="1" type="stmt"/>
        <line num="184" count="1" type="stmt"/>
        <line num="191" count="0" type="stmt"/>
        <line num="197" count="0" type="stmt"/>
        <line num="206" count="3" type="stmt"/>
      </file>
      <file name="manual-entry.tsx" path="/Users/david/dev/FlippersLog/.worktrees/gps-venues/app/manual-entry.tsx">
        <metrics statements="54" coveredstatements="38" conditionals="21" coveredconditionals="17" methods="13" coveredmethods="9"/>
        <line num="19" count="47" type="stmt"/>
        <line num="20" count="47" type="stmt"/>
        <line num="21" count="47" type="stmt"/>
        <line num="22" count="47" type="stmt"/>
        <line num="23" count="47" type="stmt"/>
        <line num="25" count="47" type="stmt"/>
        <line num="26" count="47" type="stmt"/>
        <line num="28" count="47" type="stmt"/>
        <line num="30" count="47" type="cond" truecount="2" falsecount="0"/>
        <line num="32" count="25" type="stmt"/>
        <line num="34" count="88" type="cond" truecount="2" falsecount="0"/>
        <line num="35" count="88" type="cond" truecount="2" falsecount="0"/>
        <line num="36" count="88" type="stmt"/>
        <line num="40" count="25" type="stmt"/>
        <line num="43" count="22" type="stmt"/>
        <line num="44" count="22" type="stmt"/>
        <line num="47" count="0" type="stmt"/>
        <line num="49" count="0" type="stmt"/>
        <line num="50" count="0" type="stmt"/>
        <line num="55" count="47" type="stmt"/>
        <line num="57" count="47" type="stmt"/>
        <line num="61" count="47" type="stmt"/>
        <line num="62" count="0" type="stmt"/>
        <line num="63" count="0" type="stmt"/>
        <line num="66" count="47" type="stmt"/>
        <line num="67" count="2" type="stmt"/>
        <line num="68" count="2" type="stmt"/>
        <line num="71" count="47" type="stmt"/>
        <line num="73" count="2" type="stmt"/>
        <line num="75" count="2" type="stmt"/>
        <line num="78" count="47" type="stmt"/>
        <line num="79" count="2" type="stmt"/>
        <line num="82" count="47" type="stmt"/>
        <line num="83" count="2" type="cond" truecount="1" falsecount="1"/>
        <line num="84" count="0" type="stmt"/>
        <line num="85" count="0" type="stmt"/>
        <line num="88" count="2" type="cond" truecount="1" falsecount="1"/>
        <line num="89" count="0" type="stmt"/>
        <line num="90" count="0" type="stmt"/>
        <line num="93" count="2" type="stmt"/>
        <line num="94" count="2" type="cond" truecount="3" falsecount="1"/>
        <line num="95" count="0" type="stmt"/>
        <line num="96" count="0" type="stmt"/>
        <line num="99" count="2" type="stmt"/>
        <line num="101" count="2" type="stmt"/>
        <line num="107" count="2" type="stmt"/>
        <line num="113" count="0" type="stmt"/>
        <line num="118" count="0" type="stmt"/>
        <line num="122" count="47" type="stmt"/>
        <line num="144" count="79" type="stmt"/>
        <line num="147" count="0" type="stmt"/>
        <line num="170" count="0" type="stmt"/>
        <line num="171" count="0" type="stmt"/>
        <line num="198" count="5" type="stmt"/>
      </file>
      <file name="review-score.tsx" path="/Users/david/dev/FlippersLog/.worktrees/gps-venues/app/review-score.tsx">
        <metrics statements="20" coveredstatements="17" conditionals="8" coveredconditionals="7" methods="4" coveredmethods="4"/>
        <line num="6" count="6" type="stmt"/>
        <line num="13" count="6" type="stmt"/>
        <line num="15" count="6" type="stmt"/>
        <line num="16" count="6" type="stmt"/>
        <line num="17" count="6" type="stmt"/>
        <line num="18" count="6" type="stmt"/>
        <line num="20" count="6" type="stmt"/>
        <line num="22" count="1" type="cond" truecount="3" falsecount="1"/>
        <line num="23" count="0" type="stmt"/>
        <line num="31" count="0" type="stmt"/>
        <line num="34" count="1" type="stmt"/>
        <line num="35" count="1" type="stmt"/>
        <line num="41" count="1" type="stmt"/>
        <line num="43" count="0" type="stmt"/>
        <line num="47" count="6" type="stmt"/>
        <line num="48" count="1" type="stmt"/>
        <line num="58" count="6" type="stmt"/>
        <line num="59" count="1" type="stmt"/>
        <line num="69" count="6" type="stmt"/>
        <line num="113" count="1" type="stmt"/>
      </file>
      <file name="venues.tsx" path="/Users/david/dev/FlippersLog/.worktrees/gps-venues/app/venues.tsx">
        <metrics statements="37" coveredstatements="36" conditionals="10" coveredconditionals="10" methods="8" coveredmethods="7"/>
        <line num="25" count="1" type="stmt"/>
        <line num="34" count="16" type="stmt"/>
        <line num="35" count="16" type="stmt"/>
        <line num="36" count="16" type="stmt"/>
        <line num="37" count="16" type="stmt"/>
        <line num="38" count="16" type="stmt"/>
        <line num="40" count="16" type="stmt"/>
        <line num="42" count="16" type="cond" truecount="2" falsecount="0"/>
        <line num="43" count="8" type="stmt"/>
        <line num="53" count="16" type="stmt"/>
        <line num="54" count="7" type="stmt"/>
        <line num="57" count="16" type="stmt"/>
        <line num="58" count="8" type="stmt"/>
        <line num="59" count="8" type="stmt"/>
        <line num="60" count="8" type="stmt"/>
        <line num="63" count="8" type="stmt"/>
        <line num="64" count="8" type="cond" truecount="2" falsecount="0"/>
        <line num="65" count="1" type="stmt"/>
        <line num="66" count="1" type="stmt"/>
        <line num="67" count="1" type="stmt"/>
        <line num="71" count="7" type="stmt"/>
        <line num="76" count="7" type="stmt"/>
        <line num="81" count="5" type="cond" truecount="2" falsecount="0"/>
        <line num="82" count="2" type="stmt"/>
        <line num="84" count="3" type="stmt"/>
        <line num="87" count="2" type="stmt"/>
        <line num="88" count="2" type="stmt"/>
        <line num="90" count="8" type="stmt"/>
        <line num="94" count="16" type="stmt"/>
        <line num="95" count="1" type="stmt"/>
        <line num="96" count="1" type="stmt"/>
        <line num="99" count="16" type="stmt"/>
        <line num="104" count="16" type="stmt"/>
        <line num="108" count="0" type="stmt"/>
        <line num="130" count="4" type="stmt"/>
        <line num="133" count="1" type="stmt"/>
        <line num="149" count="1" type="stmt"/>
      </file>
    </package>
    <package name="services">
      <metrics statements="259" coveredstatements="209" conditionals="102" coveredconditionals="76" methods="51" coveredmethods="45"/>
      <file name="ai-vision.ts" path="/Users/david/dev/FlippersLog/.worktrees/gps-venues/services/ai-vision.ts">
        <metrics statements="54" coveredstatements="49" conditionals="34" coveredconditionals="25" methods="6" coveredmethods="4"/>
        <line num="20" count="0" type="stmt"/>
        <line num="26" count="17" type="cond" truecount="4" falsecount="0"/>
        <line num="27" count="1" type="stmt"/>
        <line num="30" count="16" type="stmt"/>
        <line num="33" count="16" type="stmt"/>
        <line num="36" count="16" type="stmt"/>
        <line num="38" count="16" type="stmt"/>
        <line num="42" count="16" type="stmt"/>
        <line num="43" count="16" type="cond" truecount="2" falsecount="0"/>
        <line num="44" count="4" type="stmt"/>
        <line num="47" count="12" type="stmt"/>
        <line num="49" count="12" type="stmt"/>
        <line num="52" count="12" type="cond" truecount="2" falsecount="0"/>
        <line num="53" count="1" type="stmt"/>
        <line num="56" count="11" type="stmt"/>
        <line num="59" count="4" type="stmt"/>
        <line num="62" count="12" type="cond" truecount="2" falsecount="0"/>
        <line num="65" count="12" type="cond" truecount="2" falsecount="0"/>
        <line num="66" count="1" type="stmt"/>
        <line num="69" count="11" type="stmt"/>
        <line num="71" count="11" type="stmt"/>
        <line num="76" count="11" type="stmt"/>
        <line num="77" count="11" type="stmt"/>
        <line num="82" count="8" type="stmt"/>
        <line num="85" count="8" type="stmt"/>
        <line num="90" count="8" type="stmt"/>
        <line num="91" count="8" type="stmt"/>
        <line num="92" count="8" type="stmt"/>
        <line num="95" count="8" type="stmt"/>
        <line num="96" count="8" type="stmt"/>
        <line num="99" count="8" type="stmt"/>
        <line num="102" count="8" type="stmt"/>
        <line num="105" count="8" type="stmt"/>
        <line num="144" count="7" type="stmt"/>
        <line num="147" count="7" type="stmt"/>
        <line num="148" count="7" type="cond" truecount="3" falsecount="1"/>
        <line num="149" count="0" type="stmt"/>
        <line num="153" count="7" type="stmt"/>
        <line num="155" count="7" type="stmt"/>
        <line num="157" count="6" type="stmt"/>
        <line num="159" count="6" type="stmt"/>
        <line num="167" count="5" type="stmt"/>
        <line num="168" count="5" type="cond" truecount="1" falsecount="1"/>
        <line num="169" count="5" type="cond" truecount="1" falsecount="1"/>
        <line num="172" count="5" type="cond" truecount="3" falsecount="1"/>
        <line num="173" count="5" type="stmt"/>
        <line num="174" count="5" type="cond" truecount="1" falsecount="1"/>
        <line num="175" count="0" type="stmt"/>
        <line num="177" count="5" type="cond" truecount="1" falsecount="1"/>
        <line num="178" count="0" type="stmt"/>
        <line num="180" count="5" type="cond" truecount="1" falsecount="1"/>
        <line num="181" count="0" type="stmt"/>
        <line num="186" count="5" type="stmt"/>
        <line num="200" count="6" type="stmt"/>
      </file>
      <file name="pinballmap-api.ts" path="/Users/david/dev/FlippersLog/.worktrees/gps-venues/services/pinballmap-api.ts">
        <metrics statements="49" coveredstatements="42" conditionals="10" coveredconditionals="6" methods="9" coveredmethods="8"/>
        <line num="8" count="2" type="stmt"/>
        <line num="9" count="2" type="stmt"/>
        <line num="10" count="2" type="stmt"/>
        <line num="11" count="2" type="stmt"/>
        <line num="12" count="2" type="stmt"/>
        <line num="41" count="957" type="stmt"/>
        <line num="42" count="957" type="stmt"/>
        <line num="43" count="957" type="stmt"/>
        <line num="45" count="957" type="stmt"/>
        <line num="50" count="957" type="stmt"/>
        <line num="51" count="957" type="stmt"/>
        <line num="55" count="3" type="stmt"/>
        <line num="57" count="3" type="stmt"/>
        <line num="58" count="3" type="stmt"/>
        <line num="59" count="6" type="stmt"/>
        <line num="60" count="6" type="stmt"/>
        <line num="61" count="6" type="cond" truecount="1" falsecount="1"/>
        <line num="63" count="6" type="stmt"/>
        <line num="64" count="6" type="cond" truecount="1" falsecount="1"/>
        <line num="65" count="6" type="stmt"/>
        <line num="66" count="957" type="stmt"/>
        <line num="74" count="3" type="stmt"/>
        <line num="76" count="0" type="stmt"/>
        <line num="77" count="0" type="stmt"/>
        <line num="82" count="3" type="stmt"/>
        <line num="83" count="3" type="stmt"/>
        <line num="85" count="3" type="stmt"/>
        <line num="86" count="6" type="stmt"/>
        <line num="87" count="6" type="stmt"/>
        <line num="88" count="6" type="cond" truecount="1" falsecount="1"/>
        <line num="90" count="6" type="stmt"/>
        <line num="91" count="6" type="cond" truecount="1" falsecount="1"/>
        <line num="92" count="4467" type="stmt"/>
        <line num="95" count="3" type="stmt"/>
        <line num="97" count="0" type="stmt"/>
        <line num="98" count="0" type="stmt"/>
        <line num="106" count="3" type="stmt"/>
        <line num="108" count="3" type="stmt"/>
        <line num="111" count="3" type="stmt"/>
        <line num="113" count="957" type="stmt"/>
        <line num="115" count="957" type="cond" truecount="2" falsecount="0"/>
        <line num="116" count="3" type="stmt"/>
        <line num="117" count="3" type="stmt"/>
        <line num="126" count="954" type="stmt"/>
        <line num="131" count="3" type="stmt"/>
        <line num="132" count="957" type="stmt"/>
        <line num="133" count="0" type="stmt"/>
        <line num="136" count="0" type="stmt"/>
        <line num="137" count="0" type="stmt"/>
      </file>
      <file name="storage.ts" path="/Users/david/dev/FlippersLog/.worktrees/gps-venues/services/storage.ts">
        <metrics statements="141" coveredstatements="109" conditionals="56" coveredconditionals="43" methods="33" coveredmethods="30"/>
        <line num="4" count="10" type="stmt"/>
        <line num="5" count="10" type="stmt"/>
        <line num="8" count="10" type="stmt"/>
        <line num="11" count="66" type="stmt"/>
        <line num="12" count="66" type="stmt"/>
        <line num="13" count="66" type="cond" truecount="2" falsecount="0"/>
        <line num="15" count="0" type="stmt"/>
        <line num="16" count="0" type="stmt"/>
        <line num="22" count="9" type="stmt"/>
        <line num="23" count="9" type="stmt"/>
        <line num="25" count="9" type="stmt"/>
        <line num="26" count="9" type="stmt"/>
        <line num="30" count="9" type="stmt"/>
        <line num="31" count="9" type="stmt"/>
        <line num="32" count="9" type="stmt"/>
        <line num="34" count="0" type="stmt"/>
        <line num="35" count="0" type="stmt"/>
        <line num="41" count="27" type="stmt"/>
        <line num="42" count="27" type="stmt"/>
        <line num="44" count="27" type="stmt"/>
        <line num="45" count="27" type="stmt"/>
        <line num="53" count="27" type="stmt"/>
        <line num="54" count="27" type="stmt"/>
        <line num="57" count="27" type="stmt"/>
        <line num="58" count="27" type="stmt"/>
        <line num="60" count="27" type="cond" truecount="2" falsecount="0"/>
        <line num="62" count="9" type="stmt"/>
        <line num="63" count="9" type="stmt"/>
        <line num="66" count="18" type="stmt"/>
        <line num="71" count="18" type="stmt"/>
        <line num="72" count="18" type="stmt"/>
        <line num="75" count="27" type="stmt"/>
        <line num="77" count="0" type="stmt"/>
        <line num="78" count="0" type="stmt"/>
        <line num="84" count="0" type="stmt"/>
        <line num="85" count="0" type="stmt"/>
        <line num="86" count="0" type="stmt"/>
        <line num="88" count="0" type="cond" truecount="0" falsecount="2"/>
        <line num="89" count="0" type="stmt"/>
        <line num="90" count="0" type="stmt"/>
        <line num="94" count="0" type="stmt"/>
        <line num="95" count="0" type="stmt"/>
        <line num="98" count="0" type="stmt"/>
        <line num="99" count="0" type="stmt"/>
        <line num="105" count="56" type="stmt"/>
        <line num="106" count="56" type="stmt"/>
        <line num="107" count="56" type="cond" truecount="2" falsecount="0"/>
        <line num="109" count="0" type="stmt"/>
        <line num="110" count="0" type="stmt"/>
        <line num="116" count="8" type="stmt"/>
        <line num="117" count="8" type="stmt"/>
        <line num="118" count="8" type="cond" truecount="1" falsecount="1"/>
        <line num="119" count="0" type="stmt"/>
        <line num="120" count="1" type="stmt"/>
        <line num="122" count="8" type="cond" truecount="1" falsecount="1"/>
        <line num="123" count="0" type="stmt"/>
        <line num="127" count="8" type="cond" truecount="1" falsecount="1"/>
        <line num="128" count="8" type="stmt"/>
        <line num="132" count="8" type="stmt"/>
        <line num="133" count="8" type="stmt"/>
        <line num="134" count="8" type="stmt"/>
        <line num="136" count="0" type="stmt"/>
        <line num="137" count="0" type="stmt"/>
        <line num="143" count="3" type="stmt"/>
        <line num="144" count="3" type="stmt"/>
        <line num="149" count="3" type="stmt"/>
        <line num="151" count="5" type="stmt"/>
        <line num="153" count="14" type="cond" truecount="2" falsecount="0"/>
        <line num="156" count="3" type="stmt"/>
        <line num="159" count="5" type="stmt"/>
        <line num="164" count="5" type="stmt"/>
        <line num="167" count="2" type="cond" truecount="2" falsecount="0"/>
        <line num="168" count="2" type="cond" truecount="2" falsecount="0"/>
        <line num="169" count="2" type="stmt"/>
        <line num="172" count="0" type="stmt"/>
        <line num="173" count="0" type="stmt"/>
        <line num="179" count="2" type="stmt"/>
        <line num="200" count="6" type="stmt"/>
        <line num="202" count="6" type="stmt"/>
        <line num="203" count="6" type="cond" truecount="1" falsecount="1"/>
        <line num="205" count="6" type="stmt"/>
        <line num="208" count="6" type="stmt"/>
        <line num="209" count="6" type="cond" truecount="1" falsecount="1"/>
        <line num="212" count="10" type="stmt"/>
        <line num="213" count="6" type="stmt"/>
        <line num="218" count="6" type="cond" truecount="2" falsecount="0"/>
        <line num="219" count="3" type="stmt"/>
        <line num="220" count="2" type="stmt"/>
        <line num="223" count="3" type="stmt"/>
        <line num="224" count="2" type="stmt"/>
        <line num="229" count="6" type="cond" truecount="2" falsecount="0"/>
        <line num="230" count="2" type="stmt"/>
        <line num="231" count="2" type="cond" truecount="1" falsecount="1"/>
        <line num="232" count="2" type="stmt"/>
        <line num="235" count="2" type="cond" truecount="2" falsecount="0"/>
        <line num="236" count="1" type="stmt"/>
        <line num="238" count="1" type="stmt"/>
        <line num="241" count="2" type="stmt"/>
        <line num="245" count="0" type="stmt"/>
        <line num="246" count="0" type="stmt"/>
        <line num="252" count="9" type="stmt"/>
        <line num="253" count="9" type="stmt"/>
        <line num="254" count="9" type="cond" truecount="1" falsecount="1"/>
        <line num="256" count="9" type="stmt"/>
        <line num="257" count="9" type="stmt"/>
        <line num="258" count="9" type="cond" truecount="1" falsecount="1"/>
        <line num="260" count="9" type="stmt"/>
        <line num="261" count="9" type="stmt"/>
        <line num="262" count="9" type="stmt"/>
        <line num="264" count="9" type="stmt"/>
        <line num="267" count="9" type="stmt"/>
        <line num="268" count="9" type="cond" truecount="1" falsecount="1"/>
        <line num="269" count="9" type="stmt"/>
        <line num="272" count="9" type="cond" truecount="4" falsecount="0"/>
        <line num="275" count="6" type="stmt"/>
        <line num="276" count="9" type="cond" truecount="2" falsecount="0"/>
        <line num="279" count="6" type="cond" truecount="2" falsecount="0"/>
        <line num="281" count="5" type="stmt"/>
        <line num="284" count="2" type="stmt"/>
        <line num="285" count="2" type="cond" truecount="1" falsecount="1"/>
        <line num="286" count="2" type="stmt"/>
        <line num="292" count="9" type="cond" truecount="2" falsecount="0"/>
        <line num="293" count="9" type="stmt"/>
        <line num="295" count="9" type="cond" truecount="2" falsecount="0"/>
        <line num="297" count="5" type="stmt"/>
        <line num="302" count="5" type="stmt"/>
        <line num="305" count="4" type="stmt"/>
        <line num="308" count="9" type="stmt"/>
        <line num="311" count="0" type="stmt"/>
        <line num="312" count="0" type="stmt"/>
        <line num="318" count="5" type="stmt"/>
        <line num="319" count="5" type="stmt"/>
        <line num="320" count="5" type="cond" truecount="2" falsecount="0"/>
        <line num="322" count="4" type="stmt"/>
        <line num="323" count="4" type="cond" truecount="1" falsecount="1"/>
        <line num="325" count="0" type="stmt"/>
        <line num="326" count="0" type="stmt"/>
        <line num="332" count="6" type="stmt"/>
        <line num="333" count="6" type="stmt"/>
        <line num="335" count="0" type="stmt"/>
        <line num="336" count="0" type="stmt"/>
      </file>
      <file name="venue-context.ts" path="/Users/david/dev/FlippersLog/.worktrees/gps-venues/services/venue-context.ts">
        <metrics statements="15" coveredstatements="9" conditionals="2" coveredconditionals="2" methods="3" coveredmethods="3"/>
        <line num="9" count="5" type="stmt"/>
        <line num="17" count="4" type="stmt"/>
        <line num="18" count="4" type="stmt"/>
        <line num="19" count="4" type="stmt"/>
        <line num="21" count="0" type="stmt"/>
        <line num="22" count="0" type="stmt"/>
        <line num="27" count="69" type="stmt"/>
        <line num="28" count="69" type="stmt"/>
        <line num="29" count="69" type="cond" truecount="2" falsecount="0"/>
        <line num="31" count="0" type="stmt"/>
        <line num="32" count="0" type="stmt"/>
        <line num="37" count="1" type="stmt"/>
        <line num="38" count="1" type="stmt"/>
        <line num="40" count="0" type="stmt"/>
        <line num="41" count="0" type="stmt"/>
      </file>
    </package>
    <package name="types">
      <metrics statements="0" coveredstatements="0" conditionals="0" coveredconditionals="0" methods="0" coveredmethods="0"/>
      <file name="index.ts" path="/Users/david/dev/FlippersLog/.worktrees/gps-venues/types/index.ts">
        <metrics statements="0" coveredstatements="0" conditionals="0" coveredconditionals="0" methods="0" coveredmethods="0"/>
      </file>
    </package>
    <package name="utils">
      <metrics statements="6" coveredstatements="6" conditionals="0" coveredconditionals="0" methods="1" coveredmethods="1"/>
      <file name="date-format.ts" path="/Users/david/dev/FlippersLog/.worktrees/gps-venues/utils/date-format.ts">
        <metrics statements="6" coveredstatements="6" conditionals="0" coveredconditionals="0" methods="1" coveredmethods="1"/>
        <line num="1" count="4" type="stmt"/>
        <line num="12" count="52" type="stmt"/>
        <line num="13" count="52" type="stmt"/>
        <line num="14" count="52" type="stmt"/>
        <line num="15" count="52" type="stmt"/>
        <line num="17" count="52" type="stmt"/>
      </file>
    </package>
  </project>
</coverage>
