{"/Users/david/dev/FlippersLog/.worktrees/gps-venues/app/_layout.tsx": {"path":"/Users/david/dev/FlippersLog/.worktrees/gps-venues/app/_layout.tsx","statementMap":{"0":{"start":{"line":6,"column":2},"end":{"line":33,"column":4}}},"fnMap":{"0":{"name":"RootLayout","decl":{"start":{"line":5,"column":24},"end":{"line":5,"column":34}},"loc":{"start":{"line":5,"column":37},"end":{"line":34,"column":1}},"line":5}},"branchMap":{},"s":{"0":0},"f":{"0":0},"b":{}}
,"/Users/david/dev/FlippersLog/.worktrees/gps-venues/app/capture.tsx": {"path":"/Users/david/dev/FlippersLog/.worktrees/gps-venues/app/capture.tsx","statementMap":{"0":{"start":{"line":10,"column":17},"end":{"line":10,"column":28}},"1":{"start":{"line":11,"column":42},"end":{"line":11,"column":64}},"2":{"start":{"line":12,"column":30},"end":{"line":12,"column":58}},"3":{"start":{"line":13,"column":28},"end":{"line":13,"column":57}},"4":{"start":{"line":14,"column":36},"end":{"line":14,"column":51}},"5":{"start":{"line":15,"column":20},"end":{"line":15,"column":44}},"6":{"start":{"line":17,"column":2},"end":{"line":19,"column":3}},"7":{"start":{"line":18,"column":4},"end":{"line":18,"column":45}},"8":{"start":{"line":21,"column":2},"end":{"line":33,"column":3}},"9":{"start":{"line":22,"column":4},"end":{"line":32,"column":6}},"10":{"start":{"line":35,"column":22},"end":{"line":42,"column":3}},"11":{"start":{"line":36,"column":4},"end":{"line":41,"column":5}},"12":{"start":{"line":37,"column":20},"end":{"line":37,"column":62}},"13":{"start":{"line":38,"column":6},"end":{"line":40,"column":7}},"14":{"start":{"line":39,"column":8},"end":{"line":39,"column":28}},"15":{"start":{"line":44,"column":26},"end":{"line":61,"column":3}},"16":{"start":{"line":45,"column":29},"end":{"line":45,"column":84}},"17":{"start":{"line":47,"column":4},"end":{"line":50,"column":5}},"18":{"start":{"line":48,"column":6},"end":{"line":48,"column":96}},"19":{"start":{"line":49,"column":6},"end":{"line":49,"column":13}},"20":{"start":{"line":52,"column":19},"end":{"line":56,"column":6}},"21":{"start":{"line":58,"column":4},"end":{"line":60,"column":5}},"22":{"start":{"line":59,"column":6},"end":{"line":59,"column":37}},"23":{"start":{"line":63,"column":22},"end":{"line":65,"column":3}},"24":{"start":{"line":64,"column":4},"end":{"line":64,"column":19}},"25":{"start":{"line":67,"column":23},"end":{"line":103,"column":3}},"26":{"start":{"line":68,"column":4},"end":{"line":68,"column":23}},"27":{"start":{"line":68,"column":16},"end":{"line":68,"column":23}},"28":{"start":{"line":70,"column":4},"end":{"line":70,"column":23}},"29":{"start":{"line":71,"column":4},"end":{"line":102,"column":5}},"30":{"start":{"line":72,"column":21},"end":{"line":72,"column":55}},"31":{"start":{"line":75,"column":6},"end":{"line":82,"column":7}},"32":{"start":{"line":77,"column":8},"end":{"line":80,"column":11}},"33":{"start":{"line":81,"column":8},"end":{"line":81,"column":15}},"34":{"start":{"line":85,"column":6},"end":{"line":93,"column":9}},"35":{"start":{"line":96,"column":6},"end":{"line":99,"column":9}},"36":{"start":{"line":101,"column":6},"end":{"line":101,"column":26}},"37":{"start":{"line":106,"column":4},"end":{"line":106,"column":66}},"38":{"start":{"line":106,"column":26},"end":{"line":106,"column":63}},"39":{"start":{"line":109,"column":2},"end":{"line":167,"column":4}},"40":{"start":{"line":170,"column":15},"end":{"line":289,"column":2}}},"fnMap":{"0":{"name":"CaptureScreen","decl":{"start":{"line":9,"column":24},"end":{"line":9,"column":37}},"loc":{"start":{"line":9,"column":40},"end":{"line":168,"column":1}},"line":9},"1":{"name":"(anonymous_1)","decl":{"start":{"line":35,"column":22},"end":{"line":35,"column":23}},"loc":{"start":{"line":35,"column":34},"end":{"line":42,"column":3}},"line":35},"2":{"name":"(anonymous_2)","decl":{"start":{"line":44,"column":26},"end":{"line":44,"column":27}},"loc":{"start":{"line":44,"column":38},"end":{"line":61,"column":3}},"line":44},"3":{"name":"(anonymous_3)","decl":{"start":{"line":63,"column":22},"end":{"line":63,"column":23}},"loc":{"start":{"line":63,"column":28},"end":{"line":65,"column":3}},"line":63},"4":{"name":"(anonymous_4)","decl":{"start":{"line":67,"column":23},"end":{"line":67,"column":24}},"loc":{"start":{"line":67,"column":35},"end":{"line":103,"column":3}},"line":67},"5":{"name":"toggleCameraFacing","decl":{"start":{"line":105,"column":11},"end":{"line":105,"column":29}},"loc":{"start":{"line":105,"column":32},"end":{"line":107,"column":3}},"line":105},"6":{"name":"(anonymous_6)","decl":{"start":{"line":106,"column":14},"end":{"line":106,"column":15}},"loc":{"start":{"line":106,"column":26},"end":{"line":106,"column":63}},"line":106}},"branchMap":{"0":{"loc":{"start":{"line":17,"column":2},"end":{"line":19,"column":3}},"type":"if","locations":[{"start":{"line":17,"column":2},"end":{"line":19,"column":3}},{"start":{},"end":{}}],"line":17},"1":{"loc":{"start":{"line":21,"column":2},"end":{"line":33,"column":3}},"type":"if","locations":[{"start":{"line":21,"column":2},"end":{"line":33,"column":3}},{"start":{},"end":{}}],"line":21},"2":{"loc":{"start":{"line":36,"column":4},"end":{"line":41,"column":5}},"type":"if","locations":[{"start":{"line":36,"column":4},"end":{"line":41,"column":5}},{"start":{},"end":{}}],"line":36},"3":{"loc":{"start":{"line":38,"column":6},"end":{"line":40,"column":7}},"type":"if","locations":[{"start":{"line":38,"column":6},"end":{"line":40,"column":7}},{"start":{},"end":{}}],"line":38},"4":{"loc":{"start":{"line":47,"column":4},"end":{"line":50,"column":5}},"type":"if","locations":[{"start":{"line":47,"column":4},"end":{"line":50,"column":5}},{"start":{},"end":{}}],"line":47},"5":{"loc":{"start":{"line":58,"column":4},"end":{"line":60,"column":5}},"type":"if","locations":[{"start":{"line":58,"column":4},"end":{"line":60,"column":5}},{"start":{},"end":{}}],"line":58},"6":{"loc":{"start":{"line":58,"column":8},"end":{"line":58,"column":44}},"type":"binary-expr","locations":[{"start":{"line":58,"column":8},"end":{"line":58,"column":24}},{"start":{"line":58,"column":28},"end":{"line":58,"column":44}}],"line":58},"7":{"loc":{"start":{"line":68,"column":4},"end":{"line":68,"column":23}},"type":"if","locations":[{"start":{"line":68,"column":4},"end":{"line":68,"column":23}},{"start":{},"end":{}}],"line":68},"8":{"loc":{"start":{"line":75,"column":6},"end":{"line":82,"column":7}},"type":"if","locations":[{"start":{"line":75,"column":6},"end":{"line":82,"column":7}},{"start":{},"end":{}}],"line":75},"9":{"loc":{"start":{"line":90,"column":29},"end":{"line":90,"column":51}},"type":"binary-expr","locations":[{"start":{"line":90,"column":29},"end":{"line":90,"column":45}},{"start":{"line":90,"column":49},"end":{"line":90,"column":51}}],"line":90},"10":{"loc":{"start":{"line":106,"column":26},"end":{"line":106,"column":63}},"type":"cond-expr","locations":[{"start":{"line":106,"column":47},"end":{"line":106,"column":54}},{"start":{"line":106,"column":57},"end":{"line":106,"column":63}}],"line":106},"11":{"loc":{"start":{"line":111,"column":7},"end":{"line":165,"column":7}},"type":"cond-expr","locations":[{"start":{"line":112,"column":8},"end":{"line":131,"column":11}},{"start":{"line":133,"column":8},"end":{"line":164,"column":15}}],"line":111},"12":{"loc":{"start":{"line":135,"column":11},"end":{"line":145,"column":11}},"type":"binary-expr","locations":[{"start":{"line":135,"column":11},"end":{"line":135,"column":20}},{"start":{"line":136,"column":12},"end":{"line":144,"column":19}}],"line":135},"13":{"loc":{"start":{"line":139,"column":17},"end":{"line":139,"column":71}},"type":"cond-expr","locations":[{"start":{"line":139,"column":25},"end":{"line":139,"column":53}},{"start":{"line":139,"column":56},"end":{"line":139,"column":71}}],"line":139},"14":{"loc":{"start":{"line":160,"column":17},"end":{"line":160,"column":57}},"type":"cond-expr","locations":[{"start":{"line":160,"column":29},"end":{"line":160,"column":43}},{"start":{"line":160,"column":46},"end":{"line":160,"column":57}}],"line":160}},"s":{"0":0,"1":0,"2":0,"3":0,"4":0,"5":0,"6":0,"7":0,"8":0,"9":0,"10":0,"11":0,"12":0,"13":0,"14":0,"15":0,"16":0,"17":0,"18":0,"19":0,"20":0,"21":0,"22":0,"23":0,"24":0,"25":0,"26":0,"27":0,"28":0,"29":0,"30":0,"31":0,"32":0,"33":0,"34":0,"35":0,"36":0,"37":0,"38":0,"39":0,"40":0},"f":{"0":0,"1":0,"2":0,"3":0,"4":0,"5":0,"6":0},"b":{"0":[0,0],"1":[0,0],"2":[0,0],"3":[0,0],"4":[0,0],"5":[0,0],"6":[0,0],"7":[0,0],"8":[0,0],"9":[0,0],"10":[0,0],"11":[0,0],"12":[0,0],"13":[0,0],"14":[0,0]}}
,"/Users/david/dev/FlippersLog/.worktrees/gps-venues/app/edit-score.tsx": {"path":"/Users/david/dev/FlippersLog/.worktrees/gps-venues/app/edit-score.tsx","statementMap":{"0":{"start":{"line":7,"column":17},"end":{"line":12,"column":6}},"1":{"start":{"line":14,"column":17},"end":{"line":14,"column":28}},"2":{"start":{"line":15,"column":21},"end":{"line":15,"column":37}},"3":{"start":{"line":17,"column":28},"end":{"line":17,"column":64}},"4":{"start":{"line":18,"column":36},"end":{"line":18,"column":76}},"5":{"start":{"line":19,"column":34},"end":{"line":19,"column":59}},"6":{"start":{"line":20,"column":32},"end":{"line":20,"column":52}},"7":{"start":{"line":21,"column":36},"end":{"line":21,"column":85}},"8":{"start":{"line":22,"column":46},"end":{"line":22,"column":95}},"9":{"start":{"line":23,"column":50},"end":{"line":23,"column":65}},"10":{"start":{"line":25,"column":2},"end":{"line":30,"column":23}},"11":{"start":{"line":26,"column":4},"end":{"line":28,"column":5}},"12":{"start":{"line":27,"column":6},"end":{"line":27,"column":26}},"13":{"start":{"line":29,"column":4},"end":{"line":29,"column":17}},"14":{"start":{"line":32,"column":28},"end":{"line":45,"column":3}},"15":{"start":{"line":33,"column":4},"end":{"line":44,"column":5}},"16":{"start":{"line":34,"column":28},"end":{"line":34,"column":71}},"17":{"start":{"line":35,"column":6},"end":{"line":39,"column":7}},"18":{"start":{"line":36,"column":8},"end":{"line":36,"column":49}},"19":{"start":{"line":37,"column":8},"end":{"line":37,"column":52}},"20":{"start":{"line":38,"column":8},"end":{"line":38,"column":44}},"21":{"start":{"line":40,"column":6},"end":{"line":40,"column":24}},"22":{"start":{"line":42,"column":6},"end":{"line":42,"column":51}},"23":{"start":{"line":43,"column":6},"end":{"line":43,"column":24}},"24":{"start":{"line":47,"column":21},"end":{"line":54,"column":3}},"25":{"start":{"line":48,"column":4},"end":{"line":53,"column":5}},"26":{"start":{"line":49,"column":21},"end":{"line":49,"column":46}},"27":{"start":{"line":50,"column":6},"end":{"line":50,"column":27}},"28":{"start":{"line":52,"column":6},"end":{"line":52,"column":52}},"29":{"start":{"line":56,"column":21},"end":{"line":89,"column":3}},"30":{"start":{"line":57,"column":23},"end":{"line":57,"column":42}},"31":{"start":{"line":60,"column":4},"end":{"line":63,"column":5}},"32":{"start":{"line":61,"column":6},"end":{"line":61,"column":59}},"33":{"start":{"line":62,"column":6},"end":{"line":62,"column":13}},"34":{"start":{"line":66,"column":4},"end":{"line":69,"column":5}},"35":{"start":{"line":67,"column":6},"end":{"line":67,"column":53}},"36":{"start":{"line":68,"column":6},"end":{"line":68,"column":13}},"37":{"start":{"line":71,"column":4},"end":{"line":88,"column":5}},"38":{"start":{"line":72,"column":6},"end":{"line":84,"column":7}},"39":{"start":{"line":73,"column":8},"end":{"line":76,"column":11}},"40":{"start":{"line":78,"column":8},"end":{"line":83,"column":11}},"41":{"start":{"line":85,"column":6},"end":{"line":85,"column":23}},"42":{"start":{"line":87,"column":6},"end":{"line":87,"column":51}},"43":{"start":{"line":91,"column":23},"end":{"line":93,"column":3}},"44":{"start":{"line":92,"column":4},"end":{"line":92,"column":18}},"45":{"start":{"line":95,"column":32},"end":{"line":106,"column":3}},"46":{"start":{"line":96,"column":4},"end":{"line":96,"column":23}},"47":{"start":{"line":98,"column":4},"end":{"line":105,"column":5}},"48":{"start":{"line":99,"column":6},"end":{"line":99,"column":28}},"49":{"start":{"line":101,"column":23},"end":{"line":103,"column":7}},"50":{"start":{"line":102,"column":8},"end":{"line":102,"column":61}},"51":{"start":{"line":104,"column":6},"end":{"line":104,"column":34}},"52":{"start":{"line":108,"column":28},"end":{"line":112,"column":3}},"53":{"start":{"line":109,"column":4},"end":{"line":109,"column":36}},"54":{"start":{"line":110,"column":4},"end":{"line":110,"column":26}},"55":{"start":{"line":111,"column":4},"end":{"line":111,"column":31}},"56":{"start":{"line":114,"column":31},"end":{"line":116,"column":3}},"57":{"start":{"line":115,"column":4},"end":{"line":115,"column":30}},"58":{"start":{"line":118,"column":2},"end":{"line":124,"column":3}},"59":{"start":{"line":119,"column":4},"end":{"line":123,"column":6}},"60":{"start":{"line":126,"column":2},"end":{"line":201,"column":4}},"61":{"start":{"line":159,"column":18},"end":{"line":166,"column":30}},"62":{"start":{"line":162,"column":35},"end":{"line":162,"column":64}},"63":{"start":{"line":204,"column":15},"end":{"line":295,"column":2}}},"fnMap":{"0":{"name":"EditScore","decl":{"start":{"line":6,"column":24},"end":{"line":6,"column":33}},"loc":{"start":{"line":6,"column":36},"end":{"line":202,"column":1}},"line":6},"1":{"name":"(anonymous_1)","decl":{"start":{"line":25,"column":12},"end":{"line":25,"column":13}},"loc":{"start":{"line":25,"column":18},"end":{"line":30,"column":3}},"line":25},"2":{"name":"(anonymous_2)","decl":{"start":{"line":32,"column":28},"end":{"line":32,"column":29}},"loc":{"start":{"line":32,"column":40},"end":{"line":45,"column":3}},"line":32},"3":{"name":"(anonymous_3)","decl":{"start":{"line":47,"column":21},"end":{"line":47,"column":22}},"loc":{"start":{"line":47,"column":33},"end":{"line":54,"column":3}},"line":47},"4":{"name":"(anonymous_4)","decl":{"start":{"line":56,"column":21},"end":{"line":56,"column":22}},"loc":{"start":{"line":56,"column":33},"end":{"line":89,"column":3}},"line":56},"5":{"name":"(anonymous_5)","decl":{"start":{"line":91,"column":23},"end":{"line":91,"column":24}},"loc":{"start":{"line":91,"column":29},"end":{"line":93,"column":3}},"line":91},"6":{"name":"(anonymous_6)","decl":{"start":{"line":95,"column":32},"end":{"line":95,"column":33}},"loc":{"start":{"line":95,"column":50},"end":{"line":106,"column":3}},"line":95},"7":{"name":"(anonymous_7)","decl":{"start":{"line":101,"column":40},"end":{"line":101,"column":41}},"loc":{"start":{"line":102,"column":8},"end":{"line":102,"column":61}},"line":102},"8":{"name":"(anonymous_8)","decl":{"start":{"line":108,"column":28},"end":{"line":108,"column":29}},"loc":{"start":{"line":108,"column":59},"end":{"line":112,"column":3}},"line":108},"9":{"name":"(anonymous_9)","decl":{"start":{"line":114,"column":31},"end":{"line":114,"column":32}},"loc":{"start":{"line":114,"column":37},"end":{"line":116,"column":3}},"line":114},"10":{"name":"(anonymous_10)","decl":{"start":{"line":158,"column":36},"end":{"line":158,"column":37}},"loc":{"start":{"line":159,"column":18},"end":{"line":166,"column":30}},"line":159},"11":{"name":"(anonymous_11)","decl":{"start":{"line":162,"column":29},"end":{"line":162,"column":30}},"loc":{"start":{"line":162,"column":35},"end":{"line":162,"column":64}},"line":162}},"branchMap":{"0":{"loc":{"start":{"line":17,"column":37},"end":{"line":17,"column":63}},"type":"binary-expr","locations":[{"start":{"line":17,"column":37},"end":{"line":17,"column":57}},{"start":{"line":17,"column":61},"end":{"line":17,"column":63}}],"line":17},"1":{"loc":{"start":{"line":18,"column":45},"end":{"line":18,"column":75}},"type":"binary-expr","locations":[{"start":{"line":18,"column":45},"end":{"line":18,"column":69}},{"start":{"line":18,"column":73},"end":{"line":18,"column":75}}],"line":18},"2":{"loc":{"start":{"line":26,"column":4},"end":{"line":28,"column":5}},"type":"if","locations":[{"start":{"line":26,"column":4},"end":{"line":28,"column":5}},{"start":{},"end":{}}],"line":26},"3":{"loc":{"start":{"line":35,"column":6},"end":{"line":39,"column":7}},"type":"if","locations":[{"start":{"line":35,"column":6},"end":{"line":39,"column":7}},{"start":{},"end":{}}],"line":35},"4":{"loc":{"start":{"line":37,"column":21},"end":{"line":37,"column":50}},"type":"binary-expr","locations":[{"start":{"line":37,"column":21},"end":{"line":37,"column":44}},{"start":{"line":37,"column":48},"end":{"line":37,"column":50}}],"line":37},"5":{"loc":{"start":{"line":60,"column":4},"end":{"line":63,"column":5}},"type":"if","locations":[{"start":{"line":60,"column":4},"end":{"line":63,"column":5}},{"start":{},"end":{}}],"line":60},"6":{"loc":{"start":{"line":60,"column":8},"end":{"line":60,"column":38}},"type":"binary-expr","locations":[{"start":{"line":60,"column":8},"end":{"line":60,"column":19}},{"start":{"line":60,"column":23},"end":{"line":60,"column":38}}],"line":60},"7":{"loc":{"start":{"line":66,"column":4},"end":{"line":69,"column":5}},"type":"if","locations":[{"start":{"line":66,"column":4},"end":{"line":69,"column":5}},{"start":{},"end":{}}],"line":66},"8":{"loc":{"start":{"line":66,"column":8},"end":{"line":66,"column":45}},"type":"binary-expr","locations":[{"start":{"line":66,"column":8},"end":{"line":66,"column":18}},{"start":{"line":66,"column":22},"end":{"line":66,"column":45}}],"line":66},"9":{"loc":{"start":{"line":72,"column":6},"end":{"line":84,"column":7}},"type":"if","locations":[{"start":{"line":72,"column":6},"end":{"line":84,"column":7}},{"start":{"line":77,"column":13},"end":{"line":84,"column":7}}],"line":72},"10":{"loc":{"start":{"line":98,"column":4},"end":{"line":105,"column":5}},"type":"if","locations":[{"start":{"line":98,"column":4},"end":{"line":105,"column":5}},{"start":{"line":100,"column":11},"end":{"line":105,"column":5}}],"line":98},"11":{"loc":{"start":{"line":118,"column":2},"end":{"line":124,"column":3}},"type":"if","locations":[{"start":{"line":118,"column":2},"end":{"line":124,"column":3}},{"start":{},"end":{}}],"line":118},"12":{"loc":{"start":{"line":133,"column":36},"end":{"line":133,"column":79}},"type":"cond-expr","locations":[{"start":{"line":133,"column":49},"end":{"line":133,"column":61}},{"start":{"line":133,"column":64},"end":{"line":133,"column":79}}],"line":133},"13":{"loc":{"start":{"line":135,"column":7},"end":{"line":142,"column":7}},"type":"binary-expr","locations":[{"start":{"line":135,"column":7},"end":{"line":135,"column":15}},{"start":{"line":136,"column":8},"end":{"line":141,"column":10}}],"line":135},"14":{"loc":{"start":{"line":145,"column":9},"end":{"line":175,"column":9}},"type":"cond-expr","locations":[{"start":{"line":146,"column":10},"end":{"line":170,"column":13}},{"start":{"line":172,"column":10},"end":{"line":174,"column":22}}],"line":145},"15":{"loc":{"start":{"line":156,"column":13},"end":{"line":169,"column":13}},"type":"binary-expr","locations":[{"start":{"line":156,"column":13},"end":{"line":156,"column":38}},{"start":{"line":157,"column":14},"end":{"line":168,"column":21}}],"line":156},"16":{"loc":{"start":{"line":173,"column":47},"end":{"line":173,"column":69}},"type":"binary-expr","locations":[{"start":{"line":173,"column":47},"end":{"line":173,"column":56}},{"start":{"line":173,"column":60},"end":{"line":173,"column":69}}],"line":173}},"s":{"0":61,"1":61,"2":61,"3":61,"4":61,"5":61,"6":61,"7":61,"8":61,"9":61,"10":61,"11":22,"12":7,"13":22,"14":61,"15":7,"16":7,"17":7,"18":7,"19":7,"20":7,"21":7,"22":0,"23":0,"24":61,"25":22,"26":22,"27":22,"28":0,"29":61,"30":8,"31":8,"32":1,"33":1,"34":7,"35":2,"36":2,"37":5,"38":5,"39":2,"40":3,"41":5,"42":0,"43":61,"44":0,"45":61,"46":4,"47":4,"48":0,"49":4,"50":6,"51":4,"52":61,"53":3,"54":3,"55":3,"56":61,"57":6,"58":61,"59":7,"60":54,"61":5,"62":3,"63":3},"f":{"0":61,"1":22,"2":7,"3":22,"4":8,"5":0,"6":4,"7":6,"8":3,"9":6,"10":5,"11":3},"b":{"0":[61,22],"1":[61,27],"2":[7,15],"3":[7,0],"4":[7,1],"5":[1,7],"6":[8,7],"7":[2,5],"8":[7,5],"9":[2,3],"10":[0,4],"11":[7,54],"12":[12,42],"13":[54,26],"14":[11,43],"15":[11,4],"16":[43,9]},"_coverageSchema":"1a1c01bbd47fc00a2c39e90264f33305004495a9","hash":"b9460102631bf1f15b18459cc736f23088100da6"}
,"/Users/david/dev/FlippersLog/.worktrees/gps-venues/app/edit-table.tsx": {"path":"/Users/david/dev/FlippersLog/.worktrees/gps-venues/app/edit-table.tsx","statementMap":{"0":{"start":{"line":12,"column":17},"end":{"line":17,"column":6}},"1":{"start":{"line":19,"column":17},"end":{"line":19,"column":28}},"2":{"start":{"line":20,"column":21},"end":{"line":20,"column":37}},"3":{"start":{"line":22,"column":36},"end":{"line":22,"column":76}},"4":{"start":{"line":23,"column":28},"end":{"line":23,"column":64}},"5":{"start":{"line":24,"column":34},"end":{"line":24,"column":59}},"6":{"start":{"line":25,"column":46},"end":{"line":25,"column":67}},"7":{"start":{"line":26,"column":32},"end":{"line":26,"column":46}},"8":{"start":{"line":28,"column":2},"end":{"line":30,"column":9}},"9":{"start":{"line":29,"column":4},"end":{"line":29,"column":15}},"10":{"start":{"line":32,"column":19},"end":{"line":52,"column":3}},"11":{"start":{"line":33,"column":4},"end":{"line":51,"column":5}},"12":{"start":{"line":35,"column":6},"end":{"line":42,"column":7}},"13":{"start":{"line":36,"column":30},"end":{"line":36,"column":72}},"14":{"start":{"line":37,"column":8},"end":{"line":41,"column":9}},"15":{"start":{"line":38,"column":10},"end":{"line":38,"column":51}},"16":{"start":{"line":39,"column":10},"end":{"line":39,"column":54}},"17":{"start":{"line":40,"column":10},"end":{"line":40,"column":46}},"18":{"start":{"line":45,"column":21},"end":{"line":45,"column":46}},"19":{"start":{"line":46,"column":6},"end":{"line":46,"column":32}},"20":{"start":{"line":47,"column":6},"end":{"line":47,"column":24}},"21":{"start":{"line":49,"column":6},"end":{"line":49,"column":50}},"22":{"start":{"line":50,"column":6},"end":{"line":50,"column":24}},"23":{"start":{"line":54,"column":21},"end":{"line":75,"column":3}},"24":{"start":{"line":55,"column":4},"end":{"line":58,"column":5}},"25":{"start":{"line":56,"column":6},"end":{"line":56,"column":57}},"26":{"start":{"line":57,"column":6},"end":{"line":57,"column":13}},"27":{"start":{"line":60,"column":4},"end":{"line":74,"column":5}},"28":{"start":{"line":61,"column":6},"end":{"line":70,"column":7}},"29":{"start":{"line":62,"column":8},"end":{"line":62,"column":84}},"30":{"start":{"line":64,"column":8},"end":{"line":69,"column":11}},"31":{"start":{"line":71,"column":6},"end":{"line":71,"column":23}},"32":{"start":{"line":73,"column":6},"end":{"line":73,"column":45}},"33":{"start":{"line":77,"column":23},"end":{"line":79,"column":3}},"34":{"start":{"line":78,"column":4},"end":{"line":78,"column":18}},"35":{"start":{"line":81,"column":28},"end":{"line":83,"column":3}},"36":{"start":{"line":82,"column":4},"end":{"line":82,"column":23}},"37":{"start":{"line":85,"column":2},"end":{"line":91,"column":3}},"38":{"start":{"line":86,"column":4},"end":{"line":90,"column":6}},"39":{"start":{"line":93,"column":2},"end":{"line":139,"column":4}},"40":{"start":{"line":114,"column":16},"end":{"line":114,"column":74}},"41":{"start":{"line":117,"column":16},"end":{"line":123,"column":28}},"42":{"start":{"line":120,"column":33},"end":{"line":120,"column":62}},"43":{"start":{"line":142,"column":15},"end":{"line":215,"column":2}}},"fnMap":{"0":{"name":"EditTable","decl":{"start":{"line":11,"column":24},"end":{"line":11,"column":33}},"loc":{"start":{"line":11,"column":36},"end":{"line":140,"column":1}},"line":11},"1":{"name":"(anonymous_1)","decl":{"start":{"line":28,"column":12},"end":{"line":28,"column":13}},"loc":{"start":{"line":28,"column":18},"end":{"line":30,"column":3}},"line":28},"2":{"name":"(anonymous_2)","decl":{"start":{"line":32,"column":19},"end":{"line":32,"column":20}},"loc":{"start":{"line":32,"column":31},"end":{"line":52,"column":3}},"line":32},"3":{"name":"(anonymous_3)","decl":{"start":{"line":54,"column":21},"end":{"line":54,"column":22}},"loc":{"start":{"line":54,"column":33},"end":{"line":75,"column":3}},"line":54},"4":{"name":"(anonymous_4)","decl":{"start":{"line":77,"column":23},"end":{"line":77,"column":24}},"loc":{"start":{"line":77,"column":29},"end":{"line":79,"column":3}},"line":77},"5":{"name":"(anonymous_5)","decl":{"start":{"line":81,"column":28},"end":{"line":81,"column":29}},"loc":{"start":{"line":81,"column":46},"end":{"line":83,"column":3}},"line":81},"6":{"name":"(anonymous_6)","decl":{"start":{"line":113,"column":22},"end":{"line":113,"column":23}},"loc":{"start":{"line":114,"column":16},"end":{"line":114,"column":74}},"line":114},"7":{"name":"(anonymous_7)","decl":{"start":{"line":116,"column":19},"end":{"line":116,"column":20}},"loc":{"start":{"line":117,"column":16},"end":{"line":123,"column":28}},"line":117},"8":{"name":"(anonymous_8)","decl":{"start":{"line":120,"column":27},"end":{"line":120,"column":28}},"loc":{"start":{"line":120,"column":33},"end":{"line":120,"column":62}},"line":120}},"branchMap":{"0":{"loc":{"start":{"line":22,"column":45},"end":{"line":22,"column":75}},"type":"binary-expr","locations":[{"start":{"line":22,"column":45},"end":{"line":22,"column":69}},{"start":{"line":22,"column":73},"end":{"line":22,"column":75}}],"line":22},"1":{"loc":{"start":{"line":23,"column":37},"end":{"line":23,"column":63}},"type":"binary-expr","locations":[{"start":{"line":23,"column":37},"end":{"line":23,"column":57}},{"start":{"line":23,"column":61},"end":{"line":23,"column":63}}],"line":23},"2":{"loc":{"start":{"line":35,"column":6},"end":{"line":42,"column":7}},"type":"if","locations":[{"start":{"line":35,"column":6},"end":{"line":42,"column":7}},{"start":{},"end":{}}],"line":35},"3":{"loc":{"start":{"line":37,"column":8},"end":{"line":41,"column":9}},"type":"if","locations":[{"start":{"line":37,"column":8},"end":{"line":41,"column":9}},{"start":{},"end":{}}],"line":37},"4":{"loc":{"start":{"line":39,"column":23},"end":{"line":39,"column":52}},"type":"binary-expr","locations":[{"start":{"line":39,"column":23},"end":{"line":39,"column":46}},{"start":{"line":39,"column":50},"end":{"line":39,"column":52}}],"line":39},"5":{"loc":{"start":{"line":55,"column":4},"end":{"line":58,"column":5}},"type":"if","locations":[{"start":{"line":55,"column":4},"end":{"line":58,"column":5}},{"start":{},"end":{}}],"line":55},"6":{"loc":{"start":{"line":61,"column":6},"end":{"line":70,"column":7}},"type":"if","locations":[{"start":{"line":61,"column":6},"end":{"line":70,"column":7}},{"start":{"line":63,"column":13},"end":{"line":70,"column":7}}],"line":61},"7":{"loc":{"start":{"line":85,"column":2},"end":{"line":91,"column":3}},"type":"if","locations":[{"start":{"line":85,"column":2},"end":{"line":91,"column":3}},{"start":{},"end":{}}],"line":85},"8":{"loc":{"start":{"line":95,"column":34},"end":{"line":95,"column":87}},"type":"cond-expr","locations":[{"start":{"line":95,"column":47},"end":{"line":95,"column":64}},{"start":{"line":95,"column":67},"end":{"line":95,"column":87}}],"line":95},"9":{"loc":{"start":{"line":109,"column":9},"end":{"line":126,"column":9}},"type":"binary-expr","locations":[{"start":{"line":109,"column":9},"end":{"line":109,"column":34}},{"start":{"line":110,"column":10},"end":{"line":125,"column":17}}],"line":109}},"s":{"0":21,"1":21,"2":21,"3":21,"4":21,"5":21,"6":21,"7":21,"8":21,"9":7,"10":21,"11":7,"12":7,"13":1,"14":1,"15":1,"16":1,"17":1,"18":7,"19":7,"20":7,"21":0,"22":0,"23":21,"24":3,"25":1,"26":1,"27":2,"28":2,"29":1,"30":1,"31":2,"32":0,"33":21,"34":0,"35":21,"36":0,"37":21,"38":7,"39":14,"40":17,"41":8,"42":0,"43":1},"f":{"0":21,"1":7,"2":7,"3":3,"4":0,"5":0,"6":17,"7":8,"8":0},"b":{"0":[21,16],"1":[21,3],"2":[1,6],"3":[1,0],"4":[1,0],"5":[1,2],"6":[1,1],"7":[7,14],"8":[2,12],"9":[14,6]},"_coverageSchema":"1a1c01bbd47fc00a2c39e90264f33305004495a9","hash":"c1dfe765f7fa80b756e6f6184cf7c9d02cfc3e80"}
,"/Users/david/dev/FlippersLog/.worktrees/gps-venues/app/index.tsx": {"path":"/Users/david/dev/FlippersLog/.worktrees/gps-venues/app/index.tsx","statementMap":{"0":{"start":{"line":12,"column":17},"end":{"line":17,"column":1}},"1":{"start":{"line":13,"column":2},"end":{"line":16,"column":9}},"2":{"start":{"line":20,"column":17},"end":{"line":20,"column":28}},"3":{"start":{"line":21,"column":30},"end":{"line":21,"column":61}},"4":{"start":{"line":22,"column":38},"end":{"line":22,"column":53}},"5":{"start":{"line":23,"column":40},"end":{"line":26,"column":17}},"6":{"start":{"line":28,"column":21},"end":{"line":33,"column":3}},"7":{"start":{"line":29,"column":18},"end":{"line":29,"column":40}},"8":{"start":{"line":30,"column":4},"end":{"line":30,"column":26}},"9":{"start":{"line":31,"column":17},"end":{"line":31,"column":52}},"10":{"start":{"line":32,"column":4},"end":{"line":32,"column":20}},"11":{"start":{"line":35,"column":20},"end":{"line":39,"column":3}},"12":{"start":{"line":36,"column":4},"end":{"line":36,"column":24}},"13":{"start":{"line":37,"column":4},"end":{"line":37,"column":23}},"14":{"start":{"line":38,"column":4},"end":{"line":38,"column":25}},"15":{"start":{"line":41,"column":27},"end":{"line":45,"column":3}},"16":{"start":{"line":42,"column":4},"end":{"line":42,"column":29}},"17":{"start":{"line":43,"column":4},"end":{"line":43,"column":25}},"18":{"start":{"line":44,"column":4},"end":{"line":44,"column":23}},"19":{"start":{"line":48,"column":2},"end":{"line":52,"column":4}},"20":{"start":{"line":50,"column":6},"end":{"line":50,"column":19}},"21":{"start":{"line":54,"column":22},"end":{"line":56,"column":3}},"22":{"start":{"line":55,"column":4},"end":{"line":55,"column":34}},"23":{"start":{"line":58,"column":26},"end":{"line":63,"column":3}},"24":{"start":{"line":59,"column":4},"end":{"line":62,"column":7}},"25":{"start":{"line":65,"column":28},"end":{"line":73,"column":3}},"26":{"start":{"line":66,"column":4},"end":{"line":72,"column":5}},"27":{"start":{"line":67,"column":6},"end":{"line":67,"column":41}},"28":{"start":{"line":69,"column":6},"end":{"line":69,"column":25}},"29":{"start":{"line":71,"column":6},"end":{"line":71,"column":53}},"30":{"start":{"line":75,"column":29},"end":{"line":86,"column":3}},"31":{"start":{"line":76,"column":4},"end":{"line":85,"column":6}},"32":{"start":{"line":79,"column":23},"end":{"line":79,"column":49}},"33":{"start":{"line":89,"column":24},"end":{"line":95,"column":12}},"34":{"start":{"line":90,"column":29},"end":{"line":93,"column":7}},"35":{"start":{"line":92,"column":53},"end":{"line":92,"column":85}},"36":{"start":{"line":94,"column":27},"end":{"line":94,"column":53}},"37":{"start":{"line":97,"column":2},"end":{"line":203,"column":4}},"38":{"start":{"line":123,"column":34},"end":{"line":123,"column":41}},"39":{"start":{"line":129,"column":12},"end":{"line":174,"column":19}},"40":{"start":{"line":139,"column":18},"end":{"line":171,"column":30}},"41":{"start":{"line":141,"column":46},"end":{"line":141,"column":74}},"42":{"start":{"line":164,"column":41},"end":{"line":164,"column":66}},"43":{"start":{"line":184,"column":25},"end":{"line":184,"column":47}},"44":{"start":{"line":191,"column":25},"end":{"line":191,"column":53}},"45":{"start":{"line":197,"column":25},"end":{"line":197,"column":48}},"46":{"start":{"line":206,"column":15},"end":{"line":402,"column":2}}},"fnMap":{"0":{"name":"(anonymous_0)","decl":{"start":{"line":12,"column":17},"end":{"line":12,"column":18}},"loc":{"start":{"line":13,"column":2},"end":{"line":16,"column":9}},"line":13},"1":{"name":"HomeScreen","decl":{"start":{"line":19,"column":24},"end":{"line":19,"column":34}},"loc":{"start":{"line":19,"column":37},"end":{"line":204,"column":1}},"line":19},"2":{"name":"(anonymous_2)","decl":{"start":{"line":28,"column":21},"end":{"line":28,"column":22}},"loc":{"start":{"line":28,"column":33},"end":{"line":33,"column":3}},"line":28},"3":{"name":"(anonymous_3)","decl":{"start":{"line":35,"column":20},"end":{"line":35,"column":21}},"loc":{"start":{"line":35,"column":32},"end":{"line":39,"column":3}},"line":35},"4":{"name":"(anonymous_4)","decl":{"start":{"line":41,"column":27},"end":{"line":41,"column":28}},"loc":{"start":{"line":41,"column":39},"end":{"line":45,"column":3}},"line":41},"5":{"name":"(anonymous_5)","decl":{"start":{"line":49,"column":16},"end":{"line":49,"column":17}},"loc":{"start":{"line":49,"column":22},"end":{"line":51,"column":5}},"line":49},"6":{"name":"(anonymous_6)","decl":{"start":{"line":54,"column":22},"end":{"line":54,"column":23}},"loc":{"start":{"line":54,"column":41},"end":{"line":56,"column":3}},"line":54},"7":{"name":"(anonymous_7)","decl":{"start":{"line":58,"column":26},"end":{"line":58,"column":27}},"loc":{"start":{"line":58,"column":47},"end":{"line":63,"column":3}},"line":58},"8":{"name":"(anonymous_8)","decl":{"start":{"line":65,"column":28},"end":{"line":65,"column":29}},"loc":{"start":{"line":65,"column":55},"end":{"line":73,"column":3}},"line":65},"9":{"name":"(anonymous_9)","decl":{"start":{"line":75,"column":29},"end":{"line":75,"column":30}},"loc":{"start":{"line":75,"column":50},"end":{"line":86,"column":3}},"line":75},"10":{"name":"(anonymous_10)","decl":{"start":{"line":79,"column":17},"end":{"line":79,"column":18}},"loc":{"start":{"line":79,"column":23},"end":{"line":79,"column":49}},"line":79},"11":{"name":"(anonymous_11)","decl":{"start":{"line":90,"column":17},"end":{"line":90,"column":18}},"loc":{"start":{"line":90,"column":29},"end":{"line":93,"column":7}},"line":90},"12":{"name":"(anonymous_12)","decl":{"start":{"line":92,"column":42},"end":{"line":92,"column":43}},"loc":{"start":{"line":92,"column":53},"end":{"line":92,"column":85}},"line":92},"13":{"name":"(anonymous_13)","decl":{"start":{"line":94,"column":16},"end":{"line":94,"column":17}},"loc":{"start":{"line":94,"column":27},"end":{"line":94,"column":53}},"line":94},"14":{"name":"(anonymous_14)","decl":{"start":{"line":123,"column":24},"end":{"line":123,"column":25}},"loc":{"start":{"line":123,"column":34},"end":{"line":123,"column":41}},"line":123},"15":{"name":"(anonymous_15)","decl":{"start":{"line":128,"column":22},"end":{"line":128,"column":23}},"loc":{"start":{"line":129,"column":12},"end":{"line":174,"column":19}},"line":129},"16":{"name":"(anonymous_16)","decl":{"start":{"line":138,"column":36},"end":{"line":138,"column":37}},"loc":{"start":{"line":139,"column":18},"end":{"line":171,"column":30}},"line":139},"17":{"name":"(anonymous_17)","decl":{"start":{"line":141,"column":40},"end":{"line":141,"column":41}},"loc":{"start":{"line":141,"column":46},"end":{"line":141,"column":74}},"line":141},"18":{"name":"(anonymous_18)","decl":{"start":{"line":164,"column":35},"end":{"line":164,"column":36}},"loc":{"start":{"line":164,"column":41},"end":{"line":164,"column":66}},"line":164},"19":{"name":"(anonymous_19)","decl":{"start":{"line":184,"column":19},"end":{"line":184,"column":20}},"loc":{"start":{"line":184,"column":25},"end":{"line":184,"column":47}},"line":184},"20":{"name":"(anonymous_20)","decl":{"start":{"line":191,"column":19},"end":{"line":191,"column":20}},"loc":{"start":{"line":191,"column":25},"end":{"line":191,"column":53}},"line":191},"21":{"name":"(anonymous_21)","decl":{"start":{"line":197,"column":19},"end":{"line":197,"column":20}},"loc":{"start":{"line":197,"column":25},"end":{"line":197,"column":48}},"line":197}},"branchMap":{"0":{"loc":{"start":{"line":89,"column":24},"end":{"line":95,"column":12}},"type":"cond-expr","locations":[{"start":{"line":90,"column":6},"end":{"line":94,"column":54}},{"start":{"line":95,"column":6},"end":{"line":95,"column":12}}],"line":89},"1":{"loc":{"start":{"line":104,"column":7},"end":{"line":114,"column":7}},"type":"binary-expr","locations":[{"start":{"line":104,"column":7},"end":{"line":104,"column":18}},{"start":{"line":105,"column":8},"end":{"line":113,"column":15}}],"line":104},"2":{"loc":{"start":{"line":115,"column":7},"end":{"line":177,"column":7}},"type":"cond-expr","locations":[{"start":{"line":116,"column":8},"end":{"line":119,"column":15}},{"start":{"line":121,"column":8},"end":{"line":176,"column":10}}],"line":115},"3":{"loc":{"start":{"line":132,"column":17},"end":{"line":134,"column":17}},"type":"binary-expr","locations":[{"start":{"line":132,"column":17},"end":{"line":132,"column":34}},{"start":{"line":133,"column":18},"end":{"line":133,"column":78}}],"line":132},"4":{"loc":{"start":{"line":147,"column":26},"end":{"line":147,"column":66}},"type":"binary-expr","locations":[{"start":{"line":147,"column":26},"end":{"line":147,"column":42}},{"start":{"line":147,"column":46},"end":{"line":147,"column":66}}],"line":147},"5":{"loc":{"start":{"line":155,"column":26},"end":{"line":155,"column":67}},"type":"binary-expr","locations":[{"start":{"line":155,"column":26},"end":{"line":155,"column":42}},{"start":{"line":155,"column":46},"end":{"line":155,"column":67}}],"line":155}},"s":{"0":3,"1":66,"2":76,"3":76,"4":76,"5":76,"6":76,"7":78,"8":78,"9":78,"10":78,"11":76,"12":0,"13":0,"14":0,"15":76,"16":1,"17":1,"18":1,"19":76,"20":76,"21":76,"22":46,"23":76,"24":1,"25":76,"26":1,"27":1,"28":1,"29":0,"30":76,"31":46,"32":1,"33":76,"34":0,"35":0,"36":0,"37":76,"38":59,"39":45,"40":46,"41":46,"42":1,"43":1,"44":0,"45":0,"46":3},"f":{"0":66,"1":76,"2":78,"3":0,"4":1,"5":76,"6":46,"7":1,"8":1,"9":46,"10":1,"11":0,"12":0,"13":0,"14":59,"15":45,"16":46,"17":46,"18":1,"19":1,"20":0,"21":0},"b":{"0":[6,70],"1":[76,6],"2":[25,51],"3":[45,3],"4":[46,45],"5":[46,45]},"_coverageSchema":"1a1c01bbd47fc00a2c39e90264f33305004495a9","hash":"32e17bf5ceb08f66fe83a03ec9f10626633ca99b"}
,"/Users/david/dev/FlippersLog/.worktrees/gps-venues/app/manual-entry.tsx": {"path":"/Users/david/dev/FlippersLog/.worktrees/gps-venues/app/manual-entry.tsx","statementMap":{"0":{"start":{"line":19,"column":17},"end":{"line":19,"column":28}},"1":{"start":{"line":20,"column":36},"end":{"line":20,"column":48}},"2":{"start":{"line":21,"column":48},"end":{"line":21,"column":60}},"3":{"start":{"line":22,"column":28},"end":{"line":22,"column":40}},"4":{"start":{"line":23,"column":42},"end":{"line":23,"column":63}},"5":{"start":{"line":25,"column":35},"end":{"line":52,"column":8}},"6":{"start":{"line":26,"column":4},"end":{"line":51,"column":5}},"7":{"start":{"line":28,"column":25},"end":{"line":28,"column":50}},"8":{"start":{"line":30,"column":6},"end":{"line":45,"column":7}},"9":{"start":{"line":32,"column":29},"end":{"line":38,"column":23}},"10":{"start":{"line":34,"column":26},"end":{"line":34,"column":65}},"11":{"start":{"line":35,"column":26},"end":{"line":35,"column":65}},"12":{"start":{"line":36,"column":12},"end":{"line":36,"column":33}},"13":{"start":{"line":40,"column":8},"end":{"line":40,"column":38}},"14":{"start":{"line":43,"column":24},"end":{"line":43,"column":55}},"15":{"start":{"line":44,"column":8},"end":{"line":44,"column":33}},"16":{"start":{"line":47,"column":6},"end":{"line":47,"column":69}},"17":{"start":{"line":49,"column":22},"end":{"line":49,"column":53}},"18":{"start":{"line":50,"column":6},"end":{"line":50,"column":31}},"19":{"start":{"line":55,"column":2},"end":{"line":59,"column":4}},"20":{"start":{"line":57,"column":6},"end":{"line":57,"column":33}},"21":{"start":{"line":61,"column":22},"end":{"line":64,"column":3}},"22":{"start":{"line":62,"column":4},"end":{"line":62,"column":29}},"23":{"start":{"line":63,"column":4},"end":{"line":63,"column":35}},"24":{"start":{"line":66,"column":37},"end":{"line":69,"column":3}},"25":{"start":{"line":67,"column":4},"end":{"line":67,"column":29}},"26":{"start":{"line":68,"column":4},"end":{"line":68,"column":23}},"27":{"start":{"line":71,"column":27},"end":{"line":76,"column":3}},"28":{"start":{"line":73,"column":20},"end":{"line":73,"column":47}},"29":{"start":{"line":75,"column":4},"end":{"line":75,"column":57}},"30":{"start":{"line":78,"column":28},"end":{"line":80,"column":3}},"31":{"start":{"line":79,"column":4},"end":{"line":79,"column":37}},"32":{"start":{"line":82,"column":21},"end":{"line":120,"column":3}},"33":{"start":{"line":83,"column":4},"end":{"line":86,"column":5}},"34":{"start":{"line":84,"column":6},"end":{"line":84,"column":56}},"35":{"start":{"line":85,"column":6},"end":{"line":85,"column":13}},"36":{"start":{"line":88,"column":4},"end":{"line":91,"column":5}},"37":{"start":{"line":89,"column":6},"end":{"line":89,"column":51}},"38":{"start":{"line":90,"column":6},"end":{"line":90,"column":13}},"39":{"start":{"line":93,"column":25},"end":{"line":93,"column":62}},"40":{"start":{"line":94,"column":4},"end":{"line":97,"column":5}},"41":{"start":{"line":95,"column":6},"end":{"line":95,"column":57}},"42":{"start":{"line":96,"column":6},"end":{"line":96,"column":13}},"43":{"start":{"line":99,"column":4},"end":{"line":119,"column":5}},"44":{"start":{"line":101,"column":6},"end":{"line":105,"column":9}},"45":{"start":{"line":107,"column":6},"end":{"line":116,"column":8}},"46":{"start":{"line":113,"column":27},"end":{"line":113,"column":40}},"47":{"start":{"line":118,"column":6},"end":{"line":118,"column":70}},"48":{"start":{"line":122,"column":2},"end":{"line":195,"column":4}},"49":{"start":{"line":144,"column":20},"end":{"line":150,"column":39}},"50":{"start":{"line":147,"column":37},"end":{"line":147,"column":55}},"51":{"start":{"line":170,"column":20},"end":{"line":170,"column":37}},"52":{"start":{"line":171,"column":20},"end":{"line":171,"column":43}},"53":{"start":{"line":198,"column":15},"end":{"line":265,"column":2}}},"fnMap":{"0":{"name":"ManualEntryScreen","decl":{"start":{"line":18,"column":24},"end":{"line":18,"column":41}},"loc":{"start":{"line":18,"column":44},"end":{"line":196,"column":1}},"line":18},"1":{"name":"(anonymous_1)","decl":{"start":{"line":25,"column":47},"end":{"line":25,"column":48}},"loc":{"start":{"line":25,"column":59},"end":{"line":52,"column":3}},"line":25},"2":{"name":"(anonymous_2)","decl":{"start":{"line":33,"column":16},"end":{"line":33,"column":17}},"loc":{"start":{"line":33,"column":26},"end":{"line":37,"column":11}},"line":33},"3":{"name":"(anonymous_3)","decl":{"start":{"line":56,"column":16},"end":{"line":56,"column":17}},"loc":{"start":{"line":56,"column":22},"end":{"line":58,"column":5}},"line":56},"4":{"name":"(anonymous_4)","decl":{"start":{"line":61,"column":22},"end":{"line":61,"column":23}},"loc":{"start":{"line":61,"column":40},"end":{"line":64,"column":3}},"line":61},"5":{"name":"(anonymous_5)","decl":{"start":{"line":66,"column":37},"end":{"line":66,"column":38}},"loc":{"start":{"line":66,"column":55},"end":{"line":69,"column":3}},"line":66},"6":{"name":"(anonymous_6)","decl":{"start":{"line":71,"column":27},"end":{"line":71,"column":28}},"loc":{"start":{"line":71,"column":45},"end":{"line":76,"column":3}},"line":71},"7":{"name":"(anonymous_7)","decl":{"start":{"line":78,"column":28},"end":{"line":78,"column":29}},"loc":{"start":{"line":78,"column":46},"end":{"line":80,"column":3}},"line":78},"8":{"name":"(anonymous_8)","decl":{"start":{"line":82,"column":21},"end":{"line":82,"column":22}},"loc":{"start":{"line":82,"column":33},"end":{"line":120,"column":3}},"line":82},"9":{"name":"(anonymous_9)","decl":{"start":{"line":113,"column":21},"end":{"line":113,"column":22}},"loc":{"start":{"line":113,"column":27},"end":{"line":113,"column":40}},"line":113},"10":{"name":"(anonymous_10)","decl":{"start":{"line":143,"column":36},"end":{"line":143,"column":37}},"loc":{"start":{"line":144,"column":20},"end":{"line":150,"column":39}},"line":144},"11":{"name":"(anonymous_11)","decl":{"start":{"line":147,"column":31},"end":{"line":147,"column":32}},"loc":{"start":{"line":147,"column":37},"end":{"line":147,"column":55}},"line":147},"12":{"name":"(anonymous_12)","decl":{"start":{"line":169,"column":27},"end":{"line":169,"column":28}},"loc":{"start":{"line":169,"column":33},"end":{"line":172,"column":19}},"line":169}},"branchMap":{"0":{"loc":{"start":{"line":30,"column":6},"end":{"line":45,"column":7}},"type":"if","locations":[{"start":{"line":30,"column":6},"end":{"line":45,"column":7}},{"start":{"line":41,"column":13},"end":{"line":45,"column":7}}],"line":30},"1":{"loc":{"start":{"line":34,"column":35},"end":{"line":34,"column":54}},"type":"binary-expr","locations":[{"start":{"line":34,"column":35},"end":{"line":34,"column":49}},{"start":{"line":34,"column":53},"end":{"line":34,"column":54}}],"line":34},"2":{"loc":{"start":{"line":35,"column":35},"end":{"line":35,"column":54}},"type":"binary-expr","locations":[{"start":{"line":35,"column":35},"end":{"line":35,"column":49}},{"start":{"line":35,"column":53},"end":{"line":35,"column":54}}],"line":35},"3":{"loc":{"start":{"line":83,"column":4},"end":{"line":86,"column":5}},"type":"if","locations":[{"start":{"line":83,"column":4},"end":{"line":86,"column":5}},{"start":{},"end":{}}],"line":83},"4":{"loc":{"start":{"line":88,"column":4},"end":{"line":91,"column":5}},"type":"if","locations":[{"start":{"line":88,"column":4},"end":{"line":91,"column":5}},{"start":{},"end":{}}],"line":88},"5":{"loc":{"start":{"line":94,"column":4},"end":{"line":97,"column":5}},"type":"if","locations":[{"start":{"line":94,"column":4},"end":{"line":97,"column":5}},{"start":{},"end":{}}],"line":94},"6":{"loc":{"start":{"line":94,"column":8},"end":{"line":94,"column":48}},"type":"binary-expr","locations":[{"start":{"line":94,"column":8},"end":{"line":94,"column":27}},{"start":{"line":94,"column":31},"end":{"line":94,"column":48}}],"line":94},"7":{"loc":{"start":{"line":125,"column":16},"end":{"line":125,"column":60}},"type":"cond-expr","locations":[{"start":{"line":125,"column":40},"end":{"line":125,"column":49}},{"start":{"line":125,"column":52},"end":{"line":125,"column":60}}],"line":125},"8":{"loc":{"start":{"line":139,"column":13},"end":{"line":154,"column":13}},"type":"binary-expr","locations":[{"start":{"line":139,"column":13},"end":{"line":139,"column":36}},{"start":{"line":139,"column":40},"end":{"line":139,"column":62}},{"start":{"line":140,"column":14},"end":{"line":153,"column":21}}],"line":139},"9":{"loc":{"start":{"line":166,"column":15},"end":{"line":176,"column":15}},"type":"binary-expr","locations":[{"start":{"line":166,"column":15},"end":{"line":166,"column":24}},{"start":{"line":167,"column":16},"end":{"line":175,"column":35}}],"line":166}},"s":{"0":47,"1":47,"2":47,"3":47,"4":47,"5":47,"6":47,"7":47,"8":47,"9":25,"10":88,"11":88,"12":88,"13":25,"14":22,"15":22,"16":0,"17":0,"18":0,"19":47,"20":47,"21":47,"22":0,"23":0,"24":47,"25":2,"26":2,"27":47,"28":2,"29":2,"30":47,"31":2,"32":47,"33":2,"34":0,"35":0,"36":2,"37":0,"38":0,"39":2,"40":2,"41":0,"42":0,"43":2,"44":2,"45":2,"46":0,"47":0,"48":47,"49":79,"50":0,"51":0,"52":0,"53":5},"f":{"0":47,"1":47,"2":88,"3":47,"4":0,"5":2,"6":2,"7":2,"8":2,"9":0,"10":79,"11":0,"12":0},"b":{"0":[25,22],"1":[88,18],"2":[88,18],"3":[0,2],"4":[0,2],"5":[0,2],"6":[2,2],"7":[47,0],"8":[47,29,26],"9":[47,9]},"_coverageSchema":"1a1c01bbd47fc00a2c39e90264f33305004495a9","hash":"f53749d53d0a62cf61121fe5c8240385fa4aac81"}
,"/Users/david/dev/FlippersLog/.worktrees/gps-venues/app/review-score.tsx": {"path":"/Users/david/dev/FlippersLog/.worktrees/gps-venues/app/review-score.tsx","statementMap":{"0":{"start":{"line":6,"column":17},"end":{"line":11,"column":6}},"1":{"start":{"line":13,"column":17},"end":{"line":13,"column":28}},"2":{"start":{"line":15,"column":16},"end":{"line":15,"column":50}},"3":{"start":{"line":16,"column":20},"end":{"line":16,"column":44}},"4":{"start":{"line":17,"column":21},"end":{"line":17,"column":50}},"5":{"start":{"line":18,"column":26},"end":{"line":18,"column":42}},"6":{"start":{"line":20,"column":23},"end":{"line":45,"column":3}},"7":{"start":{"line":22,"column":4},"end":{"line":32,"column":5}},"8":{"start":{"line":23,"column":6},"end":{"line":30,"column":9}},"9":{"start":{"line":31,"column":6},"end":{"line":31,"column":13}},"10":{"start":{"line":34,"column":4},"end":{"line":44,"column":5}},"11":{"start":{"line":35,"column":6},"end":{"line":40,"column":9}},"12":{"start":{"line":41,"column":6},"end":{"line":41,"column":23}},"13":{"start":{"line":43,"column":6},"end":{"line":43,"column":51}},"14":{"start":{"line":47,"column":27},"end":{"line":56,"column":3}},"15":{"start":{"line":48,"column":4},"end":{"line":55,"column":7}},"16":{"start":{"line":58,"column":26},"end":{"line":67,"column":3}},"17":{"start":{"line":59,"column":4},"end":{"line":66,"column":7}},"18":{"start":{"line":69,"column":2},"end":{"line":110,"column":4}},"19":{"start":{"line":113,"column":15},"end":{"line":181,"column":2}}},"fnMap":{"0":{"name":"ReviewScore","decl":{"start":{"line":5,"column":24},"end":{"line":5,"column":35}},"loc":{"start":{"line":5,"column":38},"end":{"line":111,"column":1}},"line":5},"1":{"name":"(anonymous_1)","decl":{"start":{"line":20,"column":23},"end":{"line":20,"column":24}},"loc":{"start":{"line":20,"column":35},"end":{"line":45,"column":3}},"line":20},"2":{"name":"(anonymous_2)","decl":{"start":{"line":47,"column":27},"end":{"line":47,"column":28}},"loc":{"start":{"line":47,"column":33},"end":{"line":56,"column":3}},"line":47},"3":{"name":"(anonymous_3)","decl":{"start":{"line":58,"column":26},"end":{"line":58,"column":27}},"loc":{"start":{"line":58,"column":32},"end":{"line":67,"column":3}},"line":58}},"branchMap":{"0":{"loc":{"start":{"line":22,"column":4},"end":{"line":32,"column":5}},"type":"if","locations":[{"start":{"line":22,"column":4},"end":{"line":32,"column":5}},{"start":{},"end":{}}],"line":22},"1":{"loc":{"start":{"line":22,"column":8},"end":{"line":22,"column":39}},"type":"binary-expr","locations":[{"start":{"line":22,"column":8},"end":{"line":22,"column":18}},{"start":{"line":22,"column":22},"end":{"line":22,"column":39}}],"line":22},"2":{"loc":{"start":{"line":80,"column":9},"end":{"line":82,"column":9}},"type":"binary-expr","locations":[{"start":{"line":80,"column":9},"end":{"line":80,"column":24}},{"start":{"line":81,"column":10},"end":{"line":81,"column":103}}],"line":80},"3":{"loc":{"start":{"line":89,"column":11},"end":{"line":89,"column":38}},"type":"binary-expr","locations":[{"start":{"line":89,"column":11},"end":{"line":89,"column":20}},{"start":{"line":89,"column":24},"end":{"line":89,"column":38}}],"line":89}},"s":{"0":6,"1":6,"2":6,"3":6,"4":6,"5":6,"6":6,"7":1,"8":0,"9":0,"10":1,"11":1,"12":1,"13":0,"14":6,"15":1,"16":6,"17":1,"18":6,"19":1},"f":{"0":6,"1":1,"2":1,"3":1},"b":{"0":[0,1],"1":[1,1],"2":[6,1],"3":[6,2]},"_coverageSchema":"1a1c01bbd47fc00a2c39e90264f33305004495a9","hash":"0771720ec58b75b8b5c25669500c1e22b042f5bf"}
,"/Users/david/dev/FlippersLog/.worktrees/gps-venues/app/venues.tsx": {"path":"/Users/david/dev/FlippersLog/.worktrees/gps-venues/app/venues.tsx","statementMap":{"0":{"start":{"line":25,"column":15},"end":{"line":31,"column":1}},"1":{"start":{"line":34,"column":17},"end":{"line":34,"column":28}},"2":{"start":{"line":35,"column":30},"end":{"line":35,"column":58}},"3":{"start":{"line":36,"column":32},"end":{"line":36,"column":46}},"4":{"start":{"line":37,"column":28},"end":{"line":37,"column":57}},"5":{"start":{"line":38,"column":21},"end":{"line":38,"column":52}},"6":{"start":{"line":40,"column":2},"end":{"line":51,"column":26}},"7":{"start":{"line":42,"column":4},"end":{"line":50,"column":5}},"8":{"start":{"line":43,"column":6},"end":{"line":49,"column":16}},"9":{"start":{"line":53,"column":2},"end":{"line":55,"column":9}},"10":{"start":{"line":54,"column":4},"end":{"line":54,"column":24}},"11":{"start":{"line":57,"column":28},"end":{"line":92,"column":3}},"12":{"start":{"line":58,"column":4},"end":{"line":91,"column":5}},"13":{"start":{"line":59,"column":6},"end":{"line":59,"column":23}},"14":{"start":{"line":60,"column":6},"end":{"line":60,"column":21}},"15":{"start":{"line":63,"column":25},"end":{"line":63,"column":75}},"16":{"start":{"line":64,"column":6},"end":{"line":68,"column":7}},"17":{"start":{"line":65,"column":8},"end":{"line":65,"column":65}},"18":{"start":{"line":66,"column":8},"end":{"line":66,"column":26}},"19":{"start":{"line":67,"column":8},"end":{"line":67,"column":15}},"20":{"start":{"line":71,"column":23},"end":{"line":73,"column":8}},"21":{"start":{"line":76,"column":27},"end":{"line":79,"column":7}},"22":{"start":{"line":81,"column":6},"end":{"line":85,"column":7}},"23":{"start":{"line":82,"column":8},"end":{"line":82,"column":93}},"24":{"start":{"line":84,"column":8},"end":{"line":84,"column":32}},"25":{"start":{"line":87,"column":6},"end":{"line":87,"column":60}},"26":{"start":{"line":88,"column":6},"end":{"line":88,"column":51}},"27":{"start":{"line":90,"column":6},"end":{"line":90,"column":24}},"28":{"start":{"line":94,"column":28},"end":{"line":97,"column":3}},"29":{"start":{"line":95,"column":4},"end":{"line":95,"column":47}},"30":{"start":{"line":96,"column":4},"end":{"line":96,"column":18}},"31":{"start":{"line":99,"column":15},"end":{"line":102,"column":4}},"32":{"start":{"line":104,"column":2},"end":{"line":146,"column":4}},"33":{"start":{"line":108,"column":34},"end":{"line":108,"column":47}},"34":{"start":{"line":130,"column":12},"end":{"line":140,"column":31}},"35":{"start":{"line":133,"column":29},"end":{"line":133,"column":53}},"36":{"start":{"line":149,"column":15},"end":{"line":234,"column":2}}},"fnMap":{"0":{"name":"VenuesScreen","decl":{"start":{"line":33,"column":24},"end":{"line":33,"column":36}},"loc":{"start":{"line":33,"column":39},"end":{"line":147,"column":1}},"line":33},"1":{"name":"(anonymous_1)","decl":{"start":{"line":40,"column":12},"end":{"line":40,"column":13}},"loc":{"start":{"line":40,"column":18},"end":{"line":51,"column":3}},"line":40},"2":{"name":"(anonymous_2)","decl":{"start":{"line":53,"column":12},"end":{"line":53,"column":13}},"loc":{"start":{"line":53,"column":18},"end":{"line":55,"column":3}},"line":53},"3":{"name":"(anonymous_3)","decl":{"start":{"line":57,"column":28},"end":{"line":57,"column":29}},"loc":{"start":{"line":57,"column":40},"end":{"line":92,"column":3}},"line":57},"4":{"name":"(anonymous_4)","decl":{"start":{"line":94,"column":28},"end":{"line":94,"column":29}},"loc":{"start":{"line":94,"column":59},"end":{"line":97,"column":3}},"line":94},"5":{"name":"(anonymous_5)","decl":{"start":{"line":108,"column":28},"end":{"line":108,"column":29}},"loc":{"start":{"line":108,"column":34},"end":{"line":108,"column":47}},"line":108},"6":{"name":"(anonymous_6)","decl":{"start":{"line":129,"column":22},"end":{"line":129,"column":23}},"loc":{"start":{"line":130,"column":12},"end":{"line":140,"column":31}},"line":130},"7":{"name":"(anonymous_7)","decl":{"start":{"line":133,"column":23},"end":{"line":133,"column":24}},"loc":{"start":{"line":133,"column":29},"end":{"line":133,"column":53}},"line":133}},"branchMap":{"0":{"loc":{"start":{"line":42,"column":4},"end":{"line":50,"column":5}},"type":"if","locations":[{"start":{"line":42,"column":4},"end":{"line":50,"column":5}},{"start":{},"end":{}}],"line":42},"1":{"loc":{"start":{"line":64,"column":6},"end":{"line":68,"column":7}},"type":"if","locations":[{"start":{"line":64,"column":6},"end":{"line":68,"column":7}},{"start":{},"end":{}}],"line":64},"2":{"loc":{"start":{"line":81,"column":6},"end":{"line":85,"column":7}},"type":"if","locations":[{"start":{"line":81,"column":6},"end":{"line":85,"column":7}},{"start":{"line":83,"column":13},"end":{"line":85,"column":7}}],"line":81},"3":{"loc":{"start":{"line":113,"column":7},"end":{"line":144,"column":7}},"type":"cond-expr","locations":[{"start":{"line":114,"column":8},"end":{"line":119,"column":15}},{"start":{"line":120,"column":10},"end":{"line":144,"column":7}}],"line":113},"4":{"loc":{"start":{"line":120,"column":10},"end":{"line":144,"column":7}},"type":"cond-expr","locations":[{"start":{"line":121,"column":8},"end":{"line":126,"column":15}},{"start":{"line":128,"column":8},"end":{"line":143,"column":21}}],"line":120}},"s":{"0":1,"1":16,"2":16,"3":16,"4":16,"5":16,"6":16,"7":16,"8":8,"9":16,"10":7,"11":16,"12":8,"13":8,"14":8,"15":8,"16":8,"17":1,"18":1,"19":1,"20":7,"21":7,"22":5,"23":2,"24":3,"25":2,"26":2,"27":8,"28":16,"29":1,"30":1,"31":16,"32":16,"33":0,"34":4,"35":1,"36":1},"f":{"0":16,"1":16,"2":7,"3":8,"4":1,"5":0,"6":4,"7":1},"b":{"0":[8,8],"1":[1,7],"2":[2,3],"3":[8,8],"4":[5,3]},"_coverageSchema":"1a1c01bbd47fc00a2c39e90264f33305004495a9","hash":"5fc097082abf52be15537b7b30a195b85a8c528a"}
,"/Users/david/dev/FlippersLog/.worktrees/gps-venues/services/ai-vision.ts": {"path":"/Users/david/dev/FlippersLog/.worktrees/gps-venues/services/ai-vision.ts","statementMap":{"0":{"start":{"line":20,"column":2},"end":{"line":20,"column":22}},"1":{"start":{"line":26,"column":2},"end":{"line":28,"column":3}},"2":{"start":{"line":27,"column":4},"end":{"line":27,"column":38}},"3":{"start":{"line":30,"column":17},"end":{"line":30,"column":32}},"4":{"start":{"line":33,"column":2},"end":{"line":33,"column":77}},"5":{"start":{"line":36,"column":2},"end":{"line":36,"column":46}},"6":{"start":{"line":38,"column":2},"end":{"line":38,"column":29}},"7":{"start":{"line":42,"column":20},"end":{"line":42,"column":49}},"8":{"start":{"line":43,"column":2},"end":{"line":45,"column":3}},"9":{"start":{"line":44,"column":4},"end":{"line":44,"column":56}},"10":{"start":{"line":47,"column":2},"end":{"line":47,"column":26}},"11":{"start":{"line":49,"column":17},"end":{"line":49,"column":37}},"12":{"start":{"line":52,"column":2},"end":{"line":54,"column":3}},"13":{"start":{"line":53,"column":4},"end":{"line":53,"column":50}},"14":{"start":{"line":56,"column":2},"end":{"line":56,"column":16}},"15":{"start":{"line":59,"column":24},"end":{"line":196,"column":1}},"16":{"start":{"line":62,"column":19},"end":{"line":62,"column":96}},"17":{"start":{"line":65,"column":4},"end":{"line":67,"column":5}},"18":{"start":{"line":66,"column":6},"end":{"line":66,"column":29}},"19":{"start":{"line":69,"column":4},"end":{"line":190,"column":5}},"20":{"start":{"line":71,"column":6},"end":{"line":71,"column":54}},"21":{"start":{"line":76,"column":6},"end":{"line":76,"column":68}},"22":{"start":{"line":77,"column":26},"end":{"line":81,"column":7}},"23":{"start":{"line":82,"column":6},"end":{"line":82,"column":75}},"24":{"start":{"line":85,"column":21},"end":{"line":87,"column":8}},"25":{"start":{"line":90,"column":6},"end":{"line":90,"column":63}},"26":{"start":{"line":91,"column":6},"end":{"line":91,"column":81}},"27":{"start":{"line":92,"column":6},"end":{"line":92,"column":82}},"28":{"start":{"line":95,"column":24},"end":{"line":95,"column":36}},"29":{"start":{"line":96,"column":6},"end":{"line":96,"column":62}},"30":{"start":{"line":99,"column":24},"end":{"line":99,"column":49}},"31":{"start":{"line":102,"column":6},"end":{"line":102,"column":66}},"32":{"start":{"line":105,"column":23},"end":{"line":141,"column":8}},"33":{"start":{"line":144,"column":6},"end":{"line":144,"column":67}},"34":{"start":{"line":147,"column":26},"end":{"line":147,"column":71}},"35":{"start":{"line":147,"column":53},"end":{"line":147,"column":70}},"36":{"start":{"line":148,"column":6},"end":{"line":150,"column":7}},"37":{"start":{"line":149,"column":8},"end":{"line":149,"column":55}},"38":{"start":{"line":153,"column":6},"end":{"line":153,"column":72}},"39":{"start":{"line":155,"column":21},"end":{"line":155,"column":62}},"40":{"start":{"line":157,"column":6},"end":{"line":157,"column":111}},"41":{"start":{"line":159,"column":6},"end":{"line":164,"column":8}},"42":{"start":{"line":167,"column":6},"end":{"line":167,"column":74}},"43":{"start":{"line":168,"column":6},"end":{"line":168,"column":111}},"44":{"start":{"line":169,"column":6},"end":{"line":169,"column":106}},"45":{"start":{"line":172,"column":6},"end":{"line":183,"column":7}},"46":{"start":{"line":173,"column":25},"end":{"line":173,"column":37}},"47":{"start":{"line":174,"column":8},"end":{"line":176,"column":9}},"48":{"start":{"line":175,"column":10},"end":{"line":175,"column":69}},"49":{"start":{"line":177,"column":8},"end":{"line":179,"column":9}},"50":{"start":{"line":178,"column":10},"end":{"line":178,"column":95}},"51":{"start":{"line":180,"column":8},"end":{"line":182,"column":9}},"52":{"start":{"line":181,"column":10},"end":{"line":181,"column":98}},"53":{"start":{"line":186,"column":6},"end":{"line":189,"column":8}},"54":{"start":{"line":200,"column":2},"end":{"line":206,"column":4}}},"fnMap":{"0":{"name":"getMediaType","decl":{"start":{"line":18,"column":9},"end":{"line":18,"column":21}},"loc":{"start":{"line":18,"column":49},"end":{"line":21,"column":1}},"line":18},"1":{"name":"extractJsonFromResponse","decl":{"start":{"line":25,"column":16},"end":{"line":25,"column":39}},"loc":{"start":{"line":25,"column":104},"end":{"line":57,"column":1}},"line":25},"2":{"name":"(anonymous_2)","decl":{"start":{"line":61,"column":2},"end":{"line":61,"column":3}},"loc":{"start":{"line":61,"column":62},"end":{"line":191,"column":3}},"line":61},"3":{"name":"(anonymous_3)","decl":{"start":{"line":147,"column":48},"end":{"line":147,"column":49}},"loc":{"start":{"line":147,"column":53},"end":{"line":147,"column":70}},"line":147},"4":{"name":"(anonymous_4)","decl":{"start":{"line":193,"column":2},"end":{"line":193,"column":3}},"loc":{"start":{"line":193,"column":77},"end":{"line":195,"column":3}},"line":193},"5":{"name":"getMockResult","decl":{"start":{"line":199,"column":9},"end":{"line":199,"column":22}},"loc":{"start":{"line":199,"column":39},"end":{"line":207,"column":1}},"line":199}},"branchMap":{"0":{"loc":{"start":{"line":26,"column":2},"end":{"line":28,"column":3}},"type":"if","locations":[{"start":{"line":26,"column":2},"end":{"line":28,"column":3}},{"start":{},"end":{}}],"line":26},"1":{"loc":{"start":{"line":26,"column":6},"end":{"line":26,"column":47}},"type":"binary-expr","locations":[{"start":{"line":26,"column":6},"end":{"line":26,"column":15}},{"start":{"line":26,"column":19},"end":{"line":26,"column":47}}],"line":26},"2":{"loc":{"start":{"line":43,"column":2},"end":{"line":45,"column":3}},"type":"if","locations":[{"start":{"line":43,"column":2},"end":{"line":45,"column":3}},{"start":{},"end":{}}],"line":43},"3":{"loc":{"start":{"line":52,"column":2},"end":{"line":54,"column":3}},"type":"if","locations":[{"start":{"line":52,"column":2},"end":{"line":54,"column":3}},{"start":{},"end":{}}],"line":52},"4":{"loc":{"start":{"line":62,"column":19},"end":{"line":62,"column":96}},"type":"binary-expr","locations":[{"start":{"line":62,"column":19},"end":{"line":62,"column":63}},{"start":{"line":62,"column":67},"end":{"line":62,"column":96}}],"line":62},"5":{"loc":{"start":{"line":65,"column":4},"end":{"line":67,"column":5}},"type":"if","locations":[{"start":{"line":65,"column":4},"end":{"line":67,"column":5}},{"start":{},"end":{}}],"line":65},"6":{"loc":{"start":{"line":148,"column":6},"end":{"line":150,"column":7}},"type":"if","locations":[{"start":{"line":148,"column":6},"end":{"line":150,"column":7}},{"start":{},"end":{}}],"line":148},"7":{"loc":{"start":{"line":148,"column":10},"end":{"line":148,"column":53}},"type":"binary-expr","locations":[{"start":{"line":148,"column":10},"end":{"line":148,"column":22}},{"start":{"line":148,"column":26},"end":{"line":148,"column":53}}],"line":148},"8":{"loc":{"start":{"line":161,"column":19},"end":{"line":161,"column":48}},"type":"binary-expr","locations":[{"start":{"line":161,"column":19},"end":{"line":161,"column":35}},{"start":{"line":161,"column":39},"end":{"line":161,"column":48}}],"line":161},"9":{"loc":{"start":{"line":168,"column":47},"end":{"line":168,"column":109}},"type":"cond-expr","locations":[{"start":{"line":168,"column":72},"end":{"line":168,"column":94}},{"start":{"line":168,"column":97},"end":{"line":168,"column":109}}],"line":168},"10":{"loc":{"start":{"line":169,"column":50},"end":{"line":169,"column":104}},"type":"cond-expr","locations":[{"start":{"line":169,"column":75},"end":{"line":169,"column":88}},{"start":{"line":169,"column":91},"end":{"line":169,"column":104}}],"line":169},"11":{"loc":{"start":{"line":172,"column":6},"end":{"line":183,"column":7}},"type":"if","locations":[{"start":{"line":172,"column":6},"end":{"line":183,"column":7}},{"start":{},"end":{}}],"line":172},"12":{"loc":{"start":{"line":172,"column":10},"end":{"line":172,"column":44}},"type":"binary-expr","locations":[{"start":{"line":172,"column":10},"end":{"line":172,"column":15}},{"start":{"line":172,"column":19},"end":{"line":172,"column":44}}],"line":172},"13":{"loc":{"start":{"line":174,"column":8},"end":{"line":176,"column":9}},"type":"if","locations":[{"start":{"line":174,"column":8},"end":{"line":176,"column":9}},{"start":{},"end":{}}],"line":174},"14":{"loc":{"start":{"line":177,"column":8},"end":{"line":179,"column":9}},"type":"if","locations":[{"start":{"line":177,"column":8},"end":{"line":179,"column":9}},{"start":{},"end":{}}],"line":177},"15":{"loc":{"start":{"line":180,"column":8},"end":{"line":182,"column":9}},"type":"if","locations":[{"start":{"line":180,"column":8},"end":{"line":182,"column":9}},{"start":{},"end":{}}],"line":180},"16":{"loc":{"start":{"line":188,"column":15},"end":{"line":188,"column":71}},"type":"cond-expr","locations":[{"start":{"line":188,"column":40},"end":{"line":188,"column":53}},{"start":{"line":188,"column":56},"end":{"line":188,"column":71}}],"line":188}},"s":{"0":0,"1":17,"2":1,"3":16,"4":16,"5":16,"6":16,"7":16,"8":16,"9":4,"10":12,"11":12,"12":12,"13":1,"14":11,"15":4,"16":12,"17":12,"18":1,"19":11,"20":11,"21":11,"22":11,"23":8,"24":8,"25":8,"26":8,"27":8,"28":8,"29":8,"30":8,"31":8,"32":8,"33":7,"34":7,"35":7,"36":7,"37":0,"38":7,"39":7,"40":6,"41":6,"42":5,"43":5,"44":5,"45":5,"46":5,"47":5,"48":0,"49":5,"50":0,"51":5,"52":0,"53":5,"54":6},"f":{"0":0,"1":17,"2":12,"3":7,"4":0,"5":6},"b":{"0":[1,16],"1":[17,16],"2":[4,12],"3":[1,11],"4":[12,11],"5":[1,11],"6":[0,7],"7":[7,7],"8":[6,0],"9":[5,0],"10":[5,0],"11":[5,0],"12":[5,5],"13":[0,5],"14":[0,5],"15":[0,5],"16":[5,0]},"_coverageSchema":"1a1c01bbd47fc00a2c39e90264f33305004495a9","hash":"da2d91c077fbf92ad0fc14f8516befd014e967c8"}
,"/Users/david/dev/FlippersLog/.worktrees/gps-venues/services/pinballmap-api.ts": {"path":"/Users/david/dev/FlippersLog/.worktrees/gps-venues/services/pinballmap-api.ts","statementMap":{"0":{"start":{"line":8,"column":17},"end":{"line":8,"column":48}},"1":{"start":{"line":9,"column":19},"end":{"line":9,"column":41}},"2":{"start":{"line":10,"column":18},"end":{"line":10,"column":49}},"3":{"start":{"line":11,"column":25},"end":{"line":11,"column":63}},"4":{"start":{"line":12,"column":28},"end":{"line":12,"column":29}},"5":{"start":{"line":41,"column":12},"end":{"line":41,"column":16}},"6":{"start":{"line":42,"column":15},"end":{"line":42,"column":46}},"7":{"start":{"line":43,"column":15},"end":{"line":43,"column":46}},"8":{"start":{"line":45,"column":4},"end":{"line":49,"column":24}},"9":{"start":{"line":50,"column":12},"end":{"line":50,"column":58}},"10":{"start":{"line":51,"column":2},"end":{"line":51,"column":15}},"11":{"start":{"line":55,"column":39},"end":{"line":55,"column":41}},"12":{"start":{"line":57,"column":2},"end":{"line":78,"column":3}},"13":{"start":{"line":58,"column":4},"end":{"line":73,"column":5}},"14":{"start":{"line":59,"column":18},"end":{"line":59,"column":63}},"15":{"start":{"line":60,"column":23},"end":{"line":60,"column":39}},"16":{"start":{"line":61,"column":6},"end":{"line":61,"column":67}},"17":{"start":{"line":61,"column":24},"end":{"line":61,"column":67}},"18":{"start":{"line":63,"column":19},"end":{"line":63,"column":40}},"19":{"start":{"line":64,"column":24},"end":{"line":64,"column":44}},"20":{"start":{"line":65,"column":6},"end":{"line":72,"column":8}},"21":{"start":{"line":66,"column":40},"end":{"line":71,"column":9}},"22":{"start":{"line":74,"column":4},"end":{"line":74,"column":24}},"23":{"start":{"line":76,"column":4},"end":{"line":76,"column":75}},"24":{"start":{"line":77,"column":4},"end":{"line":77,"column":16}},"25":{"start":{"line":82,"column":2},"end":{"line":99,"column":3}},"26":{"start":{"line":83,"column":16},"end":{"line":83,"column":17}},"27":{"start":{"line":85,"column":4},"end":{"line":93,"column":5}},"28":{"start":{"line":86,"column":18},"end":{"line":86,"column":76}},"29":{"start":{"line":87,"column":23},"end":{"line":87,"column":39}},"30":{"start":{"line":88,"column":6},"end":{"line":88,"column":67}},"31":{"start":{"line":88,"column":24},"end":{"line":88,"column":67}},"32":{"start":{"line":90,"column":19},"end":{"line":90,"column":40}},"33":{"start":{"line":91,"column":20},"end":{"line":91,"column":53}},"34":{"start":{"line":92,"column":6},"end":{"line":92,"column":91}},"35":{"start":{"line":92,"column":51},"end":{"line":92,"column":82}},"36":{"start":{"line":95,"column":4},"end":{"line":95,"column":17}},"37":{"start":{"line":97,"column":4},"end":{"line":97,"column":85}},"38":{"start":{"line":98,"column":4},"end":{"line":98,"column":13}},"39":{"start":{"line":106,"column":2},"end":{"line":138,"column":3}},"40":{"start":{"line":108,"column":22},"end":{"line":108,"column":47}},"41":{"start":{"line":111,"column":31},"end":{"line":128,"column":5}},"42":{"start":{"line":113,"column":25},"end":{"line":113,"column":89}},"43":{"start":{"line":115,"column":8},"end":{"line":125,"column":9}},"44":{"start":{"line":116,"column":31},"end":{"line":116,"column":62}},"45":{"start":{"line":117,"column":10},"end":{"line":124,"column":12}},"46":{"start":{"line":126,"column":8},"end":{"line":126,"column":20}},"47":{"start":{"line":131,"column":4},"end":{"line":134,"column":19}},"48":{"start":{"line":132,"column":40},"end":{"line":132,"column":50}},"49":{"start":{"line":133,"column":22},"end":{"line":133,"column":45}},"50":{"start":{"line":136,"column":4},"end":{"line":136,"column":54}},"51":{"start":{"line":137,"column":4},"end":{"line":137,"column":16}}},"fnMap":{"0":{"name":"calculateDistance","decl":{"start":{"line":40,"column":9},"end":{"line":40,"column":26}},"loc":{"start":{"line":40,"column":91},"end":{"line":52,"column":1}},"line":40},"1":{"name":"fetchAllLocations","decl":{"start":{"line":54,"column":15},"end":{"line":54,"column":32}},"loc":{"start":{"line":54,"column":60},"end":{"line":79,"column":1}},"line":54},"2":{"name":"(anonymous_2)","decl":{"start":{"line":66,"column":25},"end":{"line":66,"column":26}},"loc":{"start":{"line":66,"column":40},"end":{"line":71,"column":9}},"line":66},"3":{"name":"fetchMachineCount","decl":{"start":{"line":81,"column":15},"end":{"line":81,"column":32}},"loc":{"start":{"line":81,"column":70},"end":{"line":100,"column":1}},"line":81},"4":{"name":"(anonymous_4)","decl":{"start":{"line":92,"column":28},"end":{"line":92,"column":29}},"loc":{"start":{"line":92,"column":51},"end":{"line":92,"column":82}},"line":92},"5":{"name":"getNearbyVenues","decl":{"start":{"line":102,"column":22},"end":{"line":102,"column":37}},"loc":{"start":{"line":105,"column":27},"end":{"line":139,"column":1}},"line":105},"6":{"name":"(anonymous_6)","decl":{"start":{"line":112,"column":20},"end":{"line":112,"column":21}},"loc":{"start":{"line":112,"column":35},"end":{"line":127,"column":7}},"line":112},"7":{"name":"(anonymous_7)","decl":{"start":{"line":132,"column":14},"end":{"line":132,"column":15}},"loc":{"start":{"line":132,"column":40},"end":{"line":132,"column":50}},"line":132},"8":{"name":"(anonymous_8)","decl":{"start":{"line":133,"column":12},"end":{"line":133,"column":13}},"loc":{"start":{"line":133,"column":22},"end":{"line":133,"column":45}},"line":133}},"branchMap":{"0":{"loc":{"start":{"line":61,"column":6},"end":{"line":61,"column":67}},"type":"if","locations":[{"start":{"line":61,"column":6},"end":{"line":61,"column":67}},{"start":{},"end":{}}],"line":61},"1":{"loc":{"start":{"line":64,"column":24},"end":{"line":64,"column":44}},"type":"binary-expr","locations":[{"start":{"line":64,"column":24},"end":{"line":64,"column":38}},{"start":{"line":64,"column":42},"end":{"line":64,"column":44}}],"line":64},"2":{"loc":{"start":{"line":88,"column":6},"end":{"line":88,"column":67}},"type":"if","locations":[{"start":{"line":88,"column":6},"end":{"line":88,"column":67}},{"start":{},"end":{}}],"line":88},"3":{"loc":{"start":{"line":91,"column":20},"end":{"line":91,"column":53}},"type":"binary-expr","locations":[{"start":{"line":91,"column":20},"end":{"line":91,"column":47}},{"start":{"line":91,"column":51},"end":{"line":91,"column":53}}],"line":91},"4":{"loc":{"start":{"line":115,"column":8},"end":{"line":125,"column":9}},"type":"if","locations":[{"start":{"line":115,"column":8},"end":{"line":125,"column":9}},{"start":{},"end":{}}],"line":115}},"s":{"0":2,"1":2,"2":2,"3":2,"4":2,"5":957,"6":957,"7":957,"8":957,"9":957,"10":957,"11":3,"12":3,"13":3,"14":6,"15":6,"16":6,"17":0,"18":6,"19":6,"20":6,"21":957,"22":3,"23":0,"24":0,"25":3,"26":3,"27":3,"28":6,"29":6,"30":6,"31":0,"32":6,"33":6,"34":6,"35":4467,"36":3,"37":0,"38":0,"39":3,"40":3,"41":3,"42":957,"43":957,"44":3,"45":3,"46":954,"47":3,"48":957,"49":0,"50":0,"51":0},"f":{"0":957,"1":3,"2":957,"3":3,"4":4467,"5":3,"6":957,"7":957,"8":0},"b":{"0":[0,6],"1":[6,0],"2":[0,6],"3":[6,0],"4":[3,954]},"_coverageSchema":"1a1c01bbd47fc00a2c39e90264f33305004495a9","hash":"cadf48f169e08075dee8cea70949c700cda49854"}
,"/Users/david/dev/FlippersLog/.worktrees/gps-venues/services/storage.ts": {"path":"/Users/david/dev/FlippersLog/.worktrees/gps-venues/services/storage.ts","statementMap":{"0":{"start":{"line":4,"column":19},"end":{"line":4,"column":40}},"1":{"start":{"line":5,"column":19},"end":{"line":5,"column":40}},"2":{"start":{"line":8,"column":23},"end":{"line":339,"column":1}},"3":{"start":{"line":11,"column":4},"end":{"line":17,"column":5}},"4":{"start":{"line":12,"column":19},"end":{"line":12,"column":57}},"5":{"start":{"line":13,"column":6},"end":{"line":13,"column":42}},"6":{"start":{"line":15,"column":6},"end":{"line":15,"column":52}},"7":{"start":{"line":16,"column":6},"end":{"line":16,"column":16}},"8":{"start":{"line":22,"column":4},"end":{"line":36,"column":5}},"9":{"start":{"line":23,"column":21},"end":{"line":23,"column":43}},"10":{"start":{"line":25,"column":17},"end":{"line":25,"column":75}},"11":{"start":{"line":26,"column":30},"end":{"line":29,"column":7}},"12":{"start":{"line":30,"column":6},"end":{"line":30,"column":28}},"13":{"start":{"line":31,"column":6},"end":{"line":31,"column":69}},"14":{"start":{"line":32,"column":6},"end":{"line":32,"column":22}},"15":{"start":{"line":34,"column":6},"end":{"line":34,"column":50}},"16":{"start":{"line":35,"column":6},"end":{"line":35,"column":18}},"17":{"start":{"line":41,"column":4},"end":{"line":79,"column":5}},"18":{"start":{"line":42,"column":21},"end":{"line":42,"column":43}},"19":{"start":{"line":44,"column":17},"end":{"line":44,"column":75}},"20":{"start":{"line":45,"column":30},"end":{"line":52,"column":7}},"21":{"start":{"line":53,"column":6},"end":{"line":53,"column":28}},"22":{"start":{"line":54,"column":6},"end":{"line":54,"column":69}},"23":{"start":{"line":57,"column":21},"end":{"line":57,"column":43}},"24":{"start":{"line":58,"column":25},"end":{"line":58,"column":78}},"25":{"start":{"line":58,"column":47},"end":{"line":58,"column":77}},"26":{"start":{"line":60,"column":6},"end":{"line":73,"column":7}},"27":{"start":{"line":62,"column":8},"end":{"line":62,"column":67}},"28":{"start":{"line":63,"column":8},"end":{"line":63,"column":71}},"29":{"start":{"line":66,"column":32},"end":{"line":70,"column":9}},"30":{"start":{"line":71,"column":8},"end":{"line":71,"column":30}},"31":{"start":{"line":72,"column":8},"end":{"line":72,"column":71}},"32":{"start":{"line":75,"column":6},"end":{"line":75,"column":22}},"33":{"start":{"line":77,"column":6},"end":{"line":77,"column":50}},"34":{"start":{"line":78,"column":6},"end":{"line":78,"column":18}},"35":{"start":{"line":84,"column":4},"end":{"line":100,"column":5}},"36":{"start":{"line":85,"column":21},"end":{"line":85,"column":43}},"37":{"start":{"line":86,"column":28},"end":{"line":86,"column":66}},"38":{"start":{"line":86,"column":45},"end":{"line":86,"column":65}},"39":{"start":{"line":88,"column":6},"end":{"line":96,"column":7}},"40":{"start":{"line":89,"column":19},"end":{"line":89,"column":77}},"41":{"start":{"line":90,"column":32},"end":{"line":93,"column":9}},"42":{"start":{"line":94,"column":8},"end":{"line":94,"column":30}},"43":{"start":{"line":95,"column":8},"end":{"line":95,"column":71}},"44":{"start":{"line":98,"column":6},"end":{"line":98,"column":50}},"45":{"start":{"line":99,"column":6},"end":{"line":99,"column":18}},"46":{"start":{"line":105,"column":4},"end":{"line":111,"column":5}},"47":{"start":{"line":106,"column":19},"end":{"line":106,"column":57}},"48":{"start":{"line":107,"column":6},"end":{"line":107,"column":42}},"49":{"start":{"line":109,"column":6},"end":{"line":109,"column":52}},"50":{"start":{"line":110,"column":6},"end":{"line":110,"column":16}},"51":{"start":{"line":116,"column":4},"end":{"line":138,"column":5}},"52":{"start":{"line":117,"column":21},"end":{"line":117,"column":43}},"53":{"start":{"line":118,"column":28},"end":{"line":120,"column":77}},"54":{"start":{"line":119,"column":27},"end":{"line":119,"column":44}},"55":{"start":{"line":120,"column":27},"end":{"line":120,"column":76}},"56":{"start":{"line":122,"column":6},"end":{"line":124,"column":7}},"57":{"start":{"line":123,"column":8},"end":{"line":123,"column":29}},"58":{"start":{"line":127,"column":17},"end":{"line":127,"column":102}},"59":{"start":{"line":128,"column":30},"end":{"line":131,"column":7}},"60":{"start":{"line":132,"column":6},"end":{"line":132,"column":28}},"61":{"start":{"line":133,"column":6},"end":{"line":133,"column":69}},"62":{"start":{"line":134,"column":6},"end":{"line":134,"column":22}},"63":{"start":{"line":136,"column":6},"end":{"line":136,"column":50}},"64":{"start":{"line":137,"column":6},"end":{"line":137,"column":18}},"65":{"start":{"line":143,"column":4},"end":{"line":174,"column":5}},"66":{"start":{"line":144,"column":31},"end":{"line":147,"column":8}},"67":{"start":{"line":149,"column":6},"end":{"line":170,"column":11}},"68":{"start":{"line":151,"column":30},"end":{"line":157,"column":24}},"69":{"start":{"line":153,"column":14},"end":{"line":154,"column":40}},"70":{"start":{"line":156,"column":28},"end":{"line":156,"column":45}},"71":{"start":{"line":159,"column":10},"end":{"line":162,"column":12}},"72":{"start":{"line":164,"column":25},"end":{"line":164,"column":51}},"73":{"start":{"line":167,"column":24},"end":{"line":167,"column":63}},"74":{"start":{"line":168,"column":24},"end":{"line":168,"column":63}},"75":{"start":{"line":169,"column":10},"end":{"line":169,"column":31}},"76":{"start":{"line":172,"column":6},"end":{"line":172,"column":64}},"77":{"start":{"line":173,"column":6},"end":{"line":173,"column":16}},"78":{"start":{"line":179,"column":4},"end":{"line":195,"column":6}},"79":{"start":{"line":200,"column":4},"end":{"line":247,"column":5}},"80":{"start":{"line":202,"column":25},"end":{"line":202,"column":63}},"81":{"start":{"line":203,"column":6},"end":{"line":203,"column":30}},"82":{"start":{"line":203,"column":23},"end":{"line":203,"column":30}},"83":{"start":{"line":205,"column":30},"end":{"line":205,"column":52}},"84":{"start":{"line":208,"column":28},"end":{"line":208,"column":62}},"85":{"start":{"line":208,"column":45},"end":{"line":208,"column":61}},"86":{"start":{"line":209,"column":6},"end":{"line":209,"column":33}},"87":{"start":{"line":209,"column":26},"end":{"line":209,"column":33}},"88":{"start":{"line":212,"column":28},"end":{"line":212,"column":64}},"89":{"start":{"line":212,"column":47},"end":{"line":212,"column":63}},"90":{"start":{"line":213,"column":6},"end":{"line":213,"column":76}},"91":{"start":{"line":218,"column":6},"end":{"line":226,"column":7}},"92":{"start":{"line":219,"column":8},"end":{"line":221,"column":10}},"93":{"start":{"line":220,"column":15},"end":{"line":220,"column":54}},"94":{"start":{"line":223,"column":8},"end":{"line":225,"column":10}},"95":{"start":{"line":224,"column":15},"end":{"line":224,"column":50}},"96":{"start":{"line":229,"column":6},"end":{"line":243,"column":7}},"97":{"start":{"line":230,"column":27},"end":{"line":230,"column":65}},"98":{"start":{"line":231,"column":8},"end":{"line":242,"column":9}},"99":{"start":{"line":232,"column":34},"end":{"line":232,"column":56}},"100":{"start":{"line":235,"column":10},"end":{"line":239,"column":11}
[...]
mn":17},"end":{"line":276,"column":71}},"127":{"start":{"line":279,"column":10},"end":{"line":288,"column":11}},"128":{"start":{"line":281,"column":12},"end":{"line":281,"column":71}},"129":{"start":{"line":281,"column":40},"end":{"line":281,"column":69}},"130":{"start":{"line":284,"column":34},"end":{"line":284,"column":86}},"131":{"start":{"line":284,"column":56},"end":{"line":284,"column":85}},"132":{"start":{"line":285,"column":12},"end":{"line":287,"column":13}},"133":{"start":{"line":286,"column":14},"end":{"line":286,"column":76}},"134":{"start":{"line":292,"column":34},"end":{"line":292,"column":73}},"135":{"start":{"line":293,"column":33},"end":{"line":293,"column":84}},"136":{"start":{"line":293,"column":55},"end":{"line":293,"column":83}},"137":{"start":{"line":295,"column":8},"end":{"line":306,"column":9}},"138":{"start":{"line":297,"column":34},"end":{"line":301,"column":11}},"139":{"start":{"line":302,"column":10},"end":{"line":302,"column":32}},"140":{"start":{"line":305,"column":10},"end":{"line":305,"column":77}},"141":{"start":{"line":308,"column":8},"end":{"line":308,"column":71}},"142":{"start":{"line":311,"column":6},"end":{"line":311,"column":52}},"143":{"start":{"line":312,"column":6},"end":{"line":312,"column":18}},"144":{"start":{"line":318,"column":4},"end":{"line":327,"column":5}},"145":{"start":{"line":319,"column":25},"end":{"line":319,"column":63}},"146":{"start":{"line":320,"column":6},"end":{"line":320,"column":35}},"147":{"start":{"line":320,"column":23},"end":{"line":320,"column":35}},"148":{"start":{"line":322,"column":30},"end":{"line":322,"column":52}},"149":{"start":{"line":323,"column":6},"end":{"line":323,"column":56}},"150":{"start":{"line":323,"column":30},"end":{"line":323,"column":46}},"151":{"start":{"line":325,"column":6},"end":{"line":325,"column":57}},"152":{"start":{"line":326,"column":6},"end":{"line":326,"column":18}},"153":{"start":{"line":332,"column":4},"end":{"line":337,"column":5}},"154":{"start":{"line":333,"column":6},"end":{"line":333,"column":63}},"155":{"start":{"line":335,"column":6},"end":{"line":335,"column":51}},"156":{"start":{"line":336,"column":6},"end":{"line":336,"column":18}}},"fnMap":{"0":{"name":"(anonymous_0)","decl":{"start":{"line":10,"column":2},"end":{"line":10,"column":3}},"loc":{"start":{"line":10,"column":38},"end":{"line":18,"column":3}},"line":10},"1":{"name":"(anonymous_1)","decl":{"start":{"line":21,"column":2},"end":{"line":21,"column":3}},"loc":{"start":{"line":21,"column":60},"end":{"line":37,"column":3}},"line":21},"2":{"name":"(anonymous_2)","decl":{"start":{"line":40,"column":2},"end":{"line":40,"column":3}},"loc":{"start":{"line":40,"column":133},"end":{"line":80,"column":3}},"line":40},"3":{"name":"(anonymous_3)","decl":{"start":{"line":58,"column":42},"end":{"line":58,"column":43}},"loc":{"start":{"line":58,"column":47},"end":{"line":58,"column":77}},"line":58},"4":{"name":"(anonymous_4)","decl":{"start":{"line":83,"column":2},"end":{"line":83,"column":3}},"loc":{"start":{"line":83,"column":51},"end":{"line":101,"column":3}},"line":83},"5":{"name":"(anonymous_5)","decl":{"start":{"line":86,"column":40},"end":{"line":86,"column":41}},"loc":{"start":{"line":86,"column":45},"end":{"line":86,"column":65}},"line":86},"6":{"name":"(anonymous_6)","decl":{"start":{"line":104,"column":2},"end":{"line":104,"column":3}},"loc":{"start":{"line":104,"column":38},"end":{"line":112,"column":3}},"line":104},"7":{"name":"(anonymous_7)","decl":{"start":{"line":115,"column":2},"end":{"line":115,"column":3}},"loc":{"start":{"line":115,"column":68},"end":{"line":139,"column":3}},"line":115},"8":{"name":"(anonymous_8)","decl":{"start":{"line":119,"column":22},"end":{"line":119,"column":23}},"loc":{"start":{"line":119,"column":27},"end":{"line":119,"column":44}},"line":119},"9":{"name":"(anonymous_9)","decl":{"start":{"line":120,"column":22},"end":{"line":120,"column":23}},"loc":{"start":{"line":120,"column":27},"end":{"line":120,"column":76}},"line":120},"10":{"name":"(anonymous_10)","decl":{"start":{"line":142,"column":2},"end":{"line":142,"column":3}},"loc":{"start":{"line":142,"column":58},"end":{"line":175,"column":3}},"line":142},"11":{"name":"(anonymous_11)","decl":{"start":{"line":150,"column":13},"end":{"line":150,"column":14}},"loc":{"start":{"line":150,"column":22},"end":{"line":163,"column":9}},"line":150},"12":{"name":"(anonymous_12)","decl":{"start":{"line":152,"column":20},"end":{"line":152,"column":21}},"loc":{"start":{"line":153,"column":14},"end":{"line":154,"column":40}},"line":153},"13":{"name":"(anonymous_13)","decl":{"start":{"line":156,"column":18},"end":{"line":156,"column":19}},"loc":{"start":{"line":156,"column":28},"end":{"line":156,"column":45}},"line":156},"14":{"name":"(anonymous_14)","decl":{"start":{"line":164,"column":16},"end":{"line":164,"column":17}},"loc":{"start":{"line":164,"column":25},"end":{"line":164,"column":51}},"line":164},"15":{"name":"(anonymous_15)","decl":{"start":{"line":165,"column":14},"end":{"line":165,"column":15}},"loc":{"start":{"line":165,"column":24},"end":{"line":170,"column":9}},"line":165},"16":{"name":"(anonymous_16)","decl":{"start":{"line":178,"column":2},"end":{"line":178,"column":3}},"loc":{"start":{"line":178,"column":44},"end":{"line":196,"column":3}},"line":178},"17":{"name":"(anonymous_17)","decl":{"start":{"line":199,"column":2},"end":{"line":199,"column":3}},"loc":{"start":{"line":199,"column":52},"end":{"line":248,"column":3}},"line":199},"18":{"name":"(anonymous_18)","decl":{"start":{"line":208,"column":40},"end":{"line":208,"column":41}},"loc":{"start":{"line":208,"column":45},"end":{"line":208,"column":61}},"line":208},"19":{"name":"(anonymous_19)","decl":{"start":{"line":212,"column":42},"end":{"line":212,"column":43}},"loc":{"start":{"line":212,"column":47},"end":{"line":212,"column":63}},"line":212},"20":{"name":"(anonymous_20)","decl":{"start":{"line":220,"column":10},"end":{"line":220,"column":11}},"loc":{"start":{"line":220,"column":15},"end":{"line":220,"column":54}},"line":220},"21":{"name":"(anonymous_21)","decl":{"start":{"line":224,"column":10},"end":{"line":224,"column":11}},"loc":{"start":{"line":224,"column":15},"end":{"line":224,"column":50}},"line":224},"22":{"name":"(anonymous_22)","decl":{"start":{"line":236,"column":42},"end":{"line":236,"column":43}},"loc":{"start":{"line":236,"column":47},"end":{"line":236,"column":81}},"line":236},"23":{"name":"(anonymous_23)","decl":{"start":{"line":238,"column":42},"end":{"line":238,"column":43}},"loc":{"start":{"line":238,"column":47},"end":{"line":238,"column":77}},"line":238},"24":{"name":"(anonymous_24)","decl":{"start":{"line":251,"column":2},"end":{"line":251,"column":3}},"loc":{"start":{"line":251,"column":89},"end":{"line":314,"column":3}},"line":251},"25":{"name":"(anonymous_25)","decl":{"start":{"line":257,"column":42},"end":{"line":257,"column":43}},"loc":{"start":{"line":257,"column":47},"end":{"line":257,"column":63}},"line":257},"26":{"name":"(anonymous_26)","decl":{"start":{"line":276,"column":12},"end":{"line":276,"column":13}},"loc":{"start":{"line":276,"column":17},"end":{"line":276,"column":71}},"line":276},"27":{"name":"(anonymous_27)","decl":{"start":{"line":281,"column":35},"end":{"line":281,"column":36}},"loc":{"start":{"line":281,"column":40},"end":{"line":281,"column":69}},"line":281},"28":{"name":"(anonymous_28)","decl":{"start":{"line":284,"column":51},"end":{"line":284,"column":52}},"loc":{"start":{"line":284,"column":56},"end":{"line":284,"column":85}},"line":284},"29":{"name":"(anonymous_29)","decl":{"start":{"line":293,"column":50},"end":{"line":293,"column":51}},"loc":{"start":{"line":293,"column":55},"end":{"line":293,"column":83}},"line":293},"30":{"name":"(anonymous_30)","decl":{"start":{"line":317,"column":2},"end":{"line":317,"column":3}},"loc":{"start":{"line":317,"column":61},"end":{"line":328,"column":3}},"line":317},"31":{"name":"(anonymous_31)","decl":{"start":{"line":323,"column":25},"end":{"line":323,"column":26}},"loc":{"start":{"line":323,"column":30},"end":{"line":323,"column":46}},"line":323},"32":{"name":"(anonymous_32)","decl":{"start":{"line":331,"column":2},"end":{"line":331,"column":3}},"loc":{"start":{"line":331,"column":34},"end":{"line":338,"column":3}},"line":331}},"branchMap":{"0":{"loc":{"start":{"line":13,"column":13},"end":{"line":13,"column":41}},"type":"cond-expr","locations":[{"start":{"line":13,"column":20},"end":{"line":13,"column":36}},{"start":{"line":13,"column":39},"end":{"line":13,"column":41}}],"line":13},"1":{"loc":{"start":{"line":60,"column":6},"end":{"line":73,"column":7}},"type":"if","locations":[{"start":{"line":60,"column":6},"end":{"line":73,"column":7}},{"start":{"line":64,"column":13},"end":{"line":73,"column":7}}],"line":60},"2":{"loc":{"start":{"line":88,"column":6},"end":{"line":96,"column":7}},"type":"if","locations":[{"start":{"line":88,"column":6},"end":{"line":96,"column":7}},{"start":{},"end":{}}],"line":88},"3":{"loc":{"start":{"line":107,"column":13},"end":{"line":107,"column":41}},"type":"cond-expr","locations":[{"start":{"line":107,"column":20},"end":{"line":107,"column":36}},{"start":{"line":107,"column":39},"end":{"line":107,"column":41}}],"line":107},"4":{"loc":{"start":{"line":118,"column":28},"end":{"line":120,"column":77}},"type":"cond-expr","locations":[{"start":{"line":119,"column":10},"end":{"line":119,"column":45}},{"start":{"line":120,"column":10},"end":{"line":120,"column":77}}],"line":118},"5":{"loc":{"start":{"line":122,"column":6},"end":{"line":124,"column":7}},"type":"if","locations":[{"start":{"line":122,"column":6},"end":{"line":124,"column":7}},{"start":{},"end":{}}],"line":122},"6":{"loc":{"start":{"line":127,"column":17},"end":{"line":127,"column":102}},"type":"cond-expr","locations":[{"start":{"line":127,"column":33},"end":{"line":127,"column":41}},{"start":{"line":127,"column":44},"end":{"line":127,"column":102}}],"line":127},"7":{"loc":{"start":{"line":153,"column":14},"end":{"line":154,"column":40}},"type":"binary-expr","locations":[{"start":{"line":153,"column":14},"end":{"line":153,"column":36}},{"start":{"line":154,"column":14},"end":{"line":154,"column":40}}],"line":153},"8":{"loc":{"start":{"line":167,"column":33},"end":{"line":167,"column":52}},"type":"binary-expr","locations":[{"start":{"line":167,"column":33},"end":{"line":167,"column":47}},{"start":{"line":167,"column":51},"end":{"line":167,"column":52}}],"line":167},"9":{"loc":{"start":{"line":168,"column":33},"end":{"line":168,"column":52}},"type":"binary-expr","locations":[{"start":{"line":168,"column":33},"end":{"line":168,"column":47}},{"start":{"line":168,"column":51},"end":{"line":168,"column":52}}],"line":168},"10":{"loc":{"start":{"line":203,"column":6},"end":{"line":203,"column":30}},"type":"if","locations":[{"start":{"line":203,"column":6},"end":{"line":203,"column":30}},{"start":{},"end":{}}],"line":203},"11":{"loc":{"start":{"line":209,"column":6},"end":{"line":209,"column":33}},"type":"if","locations":[{"start":{"line":209,"column":6},"end":{"line":209,"column":33}},{"start":{},"end":{}}],"line":209},"12":{"loc":{"start":{"line":218,"column":6},"end":{"line":226,"column":7}},"type":"if","locations":[{"start":{"line":218,"column":6},"end":{"line":226,"column":7}},{"start":{"line":222,"column":13},"end":{"line":226,"column":7}}],"line":218},"13":{"loc":{"start":{"line":229,"column":6},"end":{"line":243,"column":7}},"type":"if","locations":[{"start":{"line":229,"column":6},"end":{"line":243,"column":7}},{"start":{},"end":{}}],"line":229},"14":{"loc":{"start":{"line":231,"column":8},"end":{"line":242,"column":9}},"type":"if","locations":[{"start":{"line":231,"column":8},"end":{"line":242,"column":9}},{"start":{},"end":{}}],"line":231},"15":{"loc":{"start":{"line":235,"column":10},"end":{"line":239,"column":11}},"type":"if","locations":[{"start":{"line":235,"column":10},"end":{"line":239,"column":11}},{"start":{"line":237,"column":17},"end":{"line":239,"column":11}}],"line":235},"16":{"loc":{"start":{"line":254,"column":6},"end":{"line":254,"column":30}},"type":"if","locations":[{"start":{"line":254,"column":6},"end":{"line":254,"column":30}},{"start":{},"end":{}}],"line":254},"17":{"loc":{"start":{"line":258,"column":6},"end":{"line":258,"column":36}},"type":"if","locations":[{"start":{"line":258,"column":6},"end":{"line":258,"column":36}},{"start":{},"end":{}}],"line":258},"18":{"loc":{"start":{"line":268,"column":6},"end":{"line":309,"column":7}},"type":"if","locations":[{"start":{"line":268,"column":6},"end":{"line":309,"column":7}},{"start":{},"end":{}}],"line":268},"19":{"loc":{"start":{"line":272,"column":8},"end":{"line":289,"column":9}},"type":"if","locations":[{"start":{"line":272,"column":8},"end":{"line":289,"column":9}},{"start":{},"end":{}}],"line":272},"20":{"loc":{"start":{"line":272,"column":12},"end":{"line":272,"column":73}},"type":"binary-expr","locations":[{"start":{"line":272,"column":12},"end":{"line":272,"column":29}},{"start":{"line":272,"column":33},"end":{"line":272,"column":73}}],"line":272},"21":{"loc":{"start":{"line":276,"column":17},"end":{"line":276,"column":71}},"type":"binary-expr","locations":[{"start":{"line":276,"column":17},"end":{"line":276,"column":51}},{"start":{"line":276,"column":55},"end":{"line":276,"column":71}}],"line":276},"22":{"loc":{"start":{"line":279,"column":10},"end":{"line":288,"column":11}},"type":"if","locations":[{"start":{"line":279,"column":10},"end":{"line":288,"column":11}},{"start":{"line":282,"column":17},"end":{"line":288,"column":11}}],"line":279},"23":{"loc":{"start":{"line":285,"column":12},"end":{"line":287,"column":13}},"type":"if","locations":[{"start":{"line":285,"column":12},"end":{"line":287,"column":13}},{"start":{},"end":{}}],"line":285},"24":{"loc":{"start":{"line":292,"column":34},"end":{"line":292,"column":73}},"type":"binary-expr","locations":[{"start":{"line":292,"column":34},"end":{"line":292,"column":51}},{"start":{"line":292,"column":55},"end":{"line":292,"column":73}}],"line":292},"25":{"loc":{"start":{"line":295,"column":8},"end":{"line":306,"column":9}},"type":"if","locations":[{"start":{"line":295,"column":8},"end":{"line":306,"column":9}},{"start":{"line":303,"column":15},"end":{"line":306,"column":9}}],"line":295},"26":{"loc":{"start":{"line":320,"column":6},"end":{"line":320,"column":35}},"type":"if","locations":[{"start":{"line":320,"column":6},"end":{"line":320,"column":35}},{"start":{},"end":{}}],"line":320},"27":{"loc":{"start":{"line":323,"column":13},"end":{"line":323,"column":55}},"type":"binary-expr","locations":[{"start":{"line":323,"column":13},"end":{"line":323,"column":47}},{"start":{"line":323,"column":51},"end":{"line":323,"column":55}}],"line":323}},"s":{"0":10,"1":10,"2":10,"3":66,"4":66,"5":66,"6":0,"7":0,"8":9,"9":9,"10":9,"11":9,"12":9,"13":9,"14":9,"15":0,"16":0,"17":27,"18":27,"19":27,"20":27,"21":27,"22":27,"23":27,"24":27,"25":11,"26":27,"27":9,"28":9,"29":18,"30":18,"31":18,"32":27,"33":0,"34":0,"35":0,"36":0,"37":0,"38":0,"39":0,"40":0,"41":0,"42":0,"43":0,"44":0,"45":0,"46":56,"47":56,"48":56,"49":0,"50":0,"51":8,"52":8,"53":8,"54":0,"55":1,"56":8,"57":0,"58":8,"59":8,"60":8,"61":8,"62":8,"63":0,"64":0,"65":3,"66":3,"67":3,"68":5,"69":14,"70":3,"71":5,"72":5,"73":2,"74":2,"75":2,"76":0,"77":0,"78":2,"79":6,"80":6,"81":6,"82":0,"83":6,"84":6,"85":6,"86":6,"87":0,"88":6,"89":10,"90":6,"91":6,"92":3,"93":2,"94":3,"95":2,"96":6,"97":2,"98":2,"99":2,"100":2,"101":1,"102":1,"103":1,"104":1,"105":2,"106":0,"107":0,"108":9,"109":9,"110":9,"111":0,"112":9,"113":9,"114":9,"115":9,"116":0,"117":9,"118":9,"119":9,"120":9,"121":9,"122":9,"123":9,"124":9,"125":6,"126":9,"127":6,"128":4,"129":5,"130":2,"131":2,"132":2,"133":2,"134":9,"135":9,"136":6,"137":9,"138":5,"139":5,"140":4,"141":9,"142":0,"143":0,"144":5,"145":5,"146":5,"147":1,"148":4,"149":4,"150":4,"151":0,"152":0,"153":6,"154":6,"155":0,"156":0},"f":{"0":66,"1":9,"2":27,"3":11,"4":0,"5":0,"6":56,"7":8,"8":0,"9":1,"10":3,"11":5,"12":14,"13":3,"14":5,"15":2,"16":2,"17":6,"18":6,"19":10,"20":2,"21":2,"22":1,"23":1,"24":9,"25":9,"26":9,"27":5,"28":2,"29":6,"30":5,"31":4,"32":6},"b":{"0":[42,24],"1":[9,18],"2":[0,0],"3":[32,24],"4":[0,8],"5":[0,8],"6":[0,8],"7":[14,10],"8":[2,1],"9":[2,1],"10":[0,6],"11":[0,6],"12":[3,3],"13":[2,4],"14":[2,0],"15":[1,1],"16":[0,9],"17":[0,9],"18":[9,0],"19":[6,3],"20":[9,7],"21":[9,2],"22":[4,2],"23":[2,0],"24":[9,2],"25":[5,4],"26":[1,4],"27":[4,0]},"_coverageSchema":"1a1c01bbd47fc00a2c39e90264f33305004495a9","hash":"f9d6886ba66d759bf32a9e6c3134e8c7e893e64a"}
,"/Users/david/dev/FlippersLog/.worktrees/gps-venues/services/venue-context.ts": {"path":"/Users/david/dev/FlippersLog/.worktrees/gps-venues/services/venue-context.ts","statementMap":{"0":{"start":{"line":9,"column":26},"end":{"line":9,"column":53}},"1":{"start":{"line":17,"column":2},"end":{"line":23,"column":3}},"2":{"start":{"line":18,"column":31},"end":{"line":18,"column":63}},"3":{"start":{"line":19,"column":4},"end":{"line":19,"column":73}},"4":{"start":{"line":21,"column":4},"end":{"line":21,"column":56}},"5":{"start":{"line":22,"column":4},"end":{"line":22,"column":16}},"6":{"start":{"line":27,"column":2},"end":{"line":33,"column":3}},"7":{"start":{"line":28,"column":18},"end":{"line":28,"column":63}},"8":{"start":{"line":29,"column":4},"end":{"line":29,"column":44}},"9":{"start":{"line":31,"column":4},"end":{"line":31,"column":56}},"10":{"start":{"line":32,"column":4},"end":{"line":32,"column":16}},"11":{"start":{"line":37,"column":2},"end":{"line":42,"column":3}},"12":{"start":{"line":38,"column":4},"end":{"line":38,"column":53}},"13":{"start":{"line":40,"column":4},"end":{"line":40,"column":57}},"14":{"start":{"line":41,"column":4},"end":{"line":41,"column":16}}},"fnMap":{"0":{"name":"setActiveVenue","decl":{"start":{"line":16,"column":22},"end":{"line":16,"column":36}},"loc":{"start":{"line":16,"column":88},"end":{"line":24,"column":1}},"line":16},"1":{"name":"getActiveVenue","decl":{"start":{"line":26,"column":22},"end":{"line":26,"column":36}},"loc":{"start":{"line":26,"column":68},"end":{"line":34,"column":1}},"line":26},"2":{"name":"clearActiveVenue","decl":{"start":{"line":36,"column":22},"end":{"line":36,"column":38}},"loc":{"start":{"line":36,"column":56},"end":{"line":43,"column":1}},"line":36}},"branchMap":{"0":{"loc":{"start":{"line":29,"column":11},"end":{"line":29,"column":43}},"type":"cond-expr","locations":[{"start":{"line":29,"column":19},"end":{"line":29,"column":36}},{"start":{"line":29,"column":39},"end":{"line":29,"column":43}}],"line":29}},"s":{"0":5,"1":4,"2":4,"3":4,"4":0,"5":0,"6":69,"7":69,"8":69,"9":0,"10":0,"11":1,"12":1,"13":0,"14":0},"f":{"0":4,"1":69,"2":1},"b":{"0":[2,67]},"_coverageSchema":"1a1c01bbd47fc00a2c39e90264f33305004495a9","hash":"008a2f07e192be50776db09fcc5b6fd3c10b17df"}
,"/Users/david/dev/FlippersLog/.worktrees/gps-venues/types/index.ts": {"path":"/Users/david/dev/FlippersLog/.worktrees/gps-venues/types/index.ts","statementMap":{},"fnMap":{},"branchMap":{},"s":{},"f":{},"b":{}}
,"/Users/david/dev/FlippersLog/.worktrees/gps-venues/utils/date-format.ts": {"path":"/Users/david/dev/FlippersLog/.worktrees/gps-venues/utils/date-format.ts","statementMap":{"0":{"start":{"line":1,"column":20},"end":{"line":4,"column":1}},"1":{"start":{"line":12,"column":15},"end":{"line":12,"column":35}},"2":{"start":{"line":13,"column":16},"end":{"line":13,"column":47}},"3":{"start":{"line":14,"column":14},"end":{"line":14,"column":31}},"4":{"start":{"line":15,"column":15},"end":{"line":15,"column":57}},"5":{"start":{"line":17,"column":2},"end":{"line":17,"column":37}}},"fnMap":{"0":{"name":"formatScoreDate","decl":{"start":{"line":11,"column":16},"end":{"line":11,"column":31}},"loc":{"start":{"line":11,"column":60},"end":{"line":18,"column":1}},"line":11}},"branchMap":{},"s":{"0":4,"1":52,"2":52,"3":52,"4":52,"5":52},"f":{"0":52},"b":{},"_coverageSchema":"1a1c01bbd47fc00a2c39e90264f33305004495a9","hash":"8149c709319c2dd48d6daf2172347ea5471cec77"}
}
