TN:
SF:app/_layout.tsx
FN:5,RootLayout
FNF:1
FNH:0
FNDA:0,RootLayout
DA:6,0
LF:1
LH:0
BRF:0
BRH:0
end_of_record
TN:
SF:app/capture.tsx
FN:9,CaptureScreen
FN:35,(anonymous_1)
FN:44,(anonymous_2)
FN:63,(anonymous_3)
FN:67,(anonymous_4)
FN:105,toggleCameraFacing
FN:106,(anonymous_6)
FNF:7
FNH:0
FNDA:0,CaptureScreen
FNDA:0,(anonymous_1)
FNDA:0,(anonymous_2)
FNDA:0,(anonymous_3)
FNDA:0,(anonymous_4)
FNDA:0,toggleCameraFacing
FNDA:0,(anonymous_6)
DA:10,0
DA:11,0
DA:12,0
DA:13,0
DA:14,0
DA:15,0
DA:17,0
DA:18,0
DA:21,0
DA:22,0
DA:35,0
DA:36,0
DA:37,0
DA:38,0
DA:39,0
DA:44,0
DA:45,0
DA:47,0
DA:48,0
DA:49,0
DA:52,0
DA:58,0
DA:59,0
DA:63,0
DA:64,0
DA:67,0
DA:68,0
DA:70,0
DA:71,0
DA:72,0
DA:75,0
DA:77,0
DA:81,0
DA:85,0
DA:96,0
DA:101,0
DA:106,0
DA:109,0
DA:170,0
LF:39
LH:0
BRDA:17,0,0,0
BRDA:17,0,1,0
BRDA:21,1,0,0
BRDA:21,1,1,0
BRDA:36,2,0,0
BRDA:36,2,1,0
BRDA:38,3,0,0
BRDA:38,3,1,0
BRDA:47,4,0,0
BRDA:47,4,1,0
BRDA:58,5,0,0
BRDA:58,5,1,0
BRDA:58,6,0,0
BRDA:58,6,1,0
BRDA:68,7,0,0
BRDA:68,7,1,0
BRDA:75,8,0,0
BRDA:75,8,1,0
BRDA:90,9,0,0
BRDA:90,9,1,0
BRDA:106,10,0,0
BRDA:106,10,1,0
BRDA:111,11,0,0
BRDA:111,11,1,0
BRDA:135,12,0,0
BRDA:135,12,1,0
BRDA:139,13,0,0
BRDA:139,13,1,0
BRDA:160,14,0,0
BRDA:160,14,1,0
BRF:30
BRH:0
end_of_record
TN:
SF:app/edit-score.tsx
FN:6,EditScore
FN:25,(anonymous_1)
FN:32,(anonymous_2)
FN:47,(anonymous_3)
FN:56,(anonymous_4)
FN:91,(anonymous_5)
FN:95,(anonymous_6)
FN:101,(anonymous_7)
FN:108,(anonymous_8)
FN:114,(anonymous_9)
FN:158,(anonymous_10)
FN:162,(anonymous_11)
FNF:12
FNH:11
FNDA:61,EditScore
FNDA:22,(anonymous_1)
FNDA:7,(anonymous_2)
FNDA:22,(anonymous_3)
FNDA:8,(anonymous_4)
FNDA:0,(anonymous_5)
FNDA:4,(anonymous_6)
FNDA:6,(anonymous_7)
FNDA:3,(anonymous_8)
FNDA:6,(anonymous_9)
FNDA:5,(anonymous_10)
FNDA:3,(anonymous_11)
DA:7,61
DA:14,61
DA:15,61
DA:17,61
DA:18,61
DA:19,61
DA:20,61
DA:21,61
DA:22,61
DA:23,61
DA:25,61
DA:26,22
DA:27,7
DA:29,22
DA:32,61
DA:33,7
DA:34,7
DA:35,7
DA:36,7
DA:37,7
DA:38,7
DA:40,7
DA:42,0
DA:43,0
DA:47,61
DA:48,22
DA:49,22
DA:50,22
DA:52,0
DA:56,61
DA:57,8
DA:60,8
DA:61,1
DA:62,1
DA:66,7
DA:67,2
DA:68,2
DA:71,5
DA:72,5
DA:73,2
DA:78,3
DA:85,5
DA:87,0
DA:91,61
DA:92,0
DA:95,61
DA:96,4
DA:98,4
DA:99,0
DA:101,4
DA:102,6
DA:104,4
DA:108,61
DA:109,3
DA:110,3
DA:111,3
DA:114,61
DA:115,6
DA:118,61
DA:119,7
DA:126,54
DA:159,5
DA:162,3
DA:204,3
LF:64
LH:58
BRDA:17,0,0,61
BRDA:17,0,1,22
BRDA:18,1,0,61
BRDA:18,1,1,27
BRDA:26,2,0,7
BRDA:26,2,1,15
BRDA:35,3,0,7
BRDA:35,3,1,0
BRDA:37,4,0,7
BRDA:37,4,1,1
BRDA:60,5,0,1
BRDA:60,5,1,7
BRDA:60,6,0,8
BRDA:60,6,1,7
BRDA:66,7,0,2
BRDA:66,7,1,5
BRDA:66,8,0,7
BRDA:66,8,1,5
BRDA:72,9,0,2
BRDA:72,9,1,3
BRDA:98,10,0,0
BRDA:98,10,1,4
BRDA:118,11,0,7
BRDA:118,11,1,54
BRDA:133,12,0,12
BRDA:133,12,1,42
BRDA:135,13,0,54
BRDA:135,13,1,26
BRDA:145,14,0,11
BRDA:145,14,1,43
BRDA:156,15,0,11
BRDA:156,15,1,4
BRDA:173,16,0,43
BRDA:173,16,1,9
BRF:34
BRH:32
end_of_record
TN:
SF:app/edit-table.tsx
FN:11,EditTable
FN:28,(anonymous_1)
FN:32,(anonymous_2)
FN:54,(anonymous_3)
FN:77,(anonymous_4)
FN:81,(anonymous_5)
FN:113,(anonymous_6)
FN:116,(anonymous_7)
FN:120,(anonymous_8)
FNF:9
FNH:6
FNDA:21,EditTable
FNDA:7,(anonymous_1)
FNDA:7,(anonymous_2)
FNDA:3,(anonymous_3)
FNDA:0,(anonymous_4)
FNDA:0,(anonymous_5)
FNDA:17,(anonymous_6)
FNDA:8,(anonymous_7)
FNDA:0,(anonymous_8)
DA:12,21
DA:19,21
DA:20,21
DA:22,21
DA:23,21
DA:24,21
DA:25,21
DA:26,21
DA:28,21
DA:29,7
DA:32,21
DA:33,7
DA:35,7
DA:36,1
DA:37,1
DA:38,1
DA:39,1
DA:40,1
DA:45,7
DA:46,7
DA:47,7
DA:49,0
DA:50,0
DA:54,21
DA:55,3
DA:56,1
DA:57,1
DA:60,2
DA:61,2
DA:62,1
DA:64,1
DA:71,2
DA:73,0
DA:77,21
DA:78,0
DA:81,21
DA:82,0
DA:85,21
DA:86,7
DA:93,14
DA:114,17
DA:117,8
DA:120,0
DA:142,1
LF:44
LH:38
BRDA:22,0,0,21
BRDA:22,0,1,16
BRDA:23,1,0,21
BRDA:23,1,1,3
BRDA:35,2,0,1
BRDA:35,2,1,6
BRDA:37,3,0,1
BRDA:37,3,1,0
BRDA:39,4,0,1
BRDA:39,4,1,0
BRDA:55,5,0,1
BRDA:55,5,1,2
BRDA:61,6,0,1
BRDA:61,6,1,1
BRDA:85,7,0,7
BRDA:85,7,1,14
BRDA:95,8,0,2
BRDA:95,8,1,12
BRDA:109,9,0,14
BRDA:109,9,1,6
BRF:20
BRH:18
end_of_record
TN:
SF:app/index.tsx
FN:12,(anonymous_0)
FN:19,HomeScreen
FN:28,(anonymous_2)
FN:35,(anonymous_3)
FN:41,(anonymous_4)
FN:49,(anonymous_5)
FN:54,(anonymous_6)
FN:58,(anonymous_7)
FN:65,(anonymous_8)
FN:75,(anonymous_9)
FN:79,(anonymous_10)
FN:90,(anonymous_11)
FN:92,(anonymous_12)
FN:94,(anonymous_13)
FN:123,(anonymous_14)
FN:128,(anonymous_15)
FN:138,(anonymous_16)
FN:141,(anonymous_17)
FN:164,(anonymous_18)
FN:184,(anonymous_19)
FN:191,(anonymous_20)
FN:197,(anonymous_21)
FNF:22
FNH:16
FNDA:66,(anonymous_0)
FNDA:76,HomeScreen
FNDA:78,(anonymous_2)
FNDA:0,(anonymous_3)
FNDA:1,(anonymous_4)
FNDA:76,(anonymous_5)
FNDA:46,(anonymous_6)
FNDA:1,(anonymous_7)
FNDA:1,(anonymous_8)
FNDA:46,(anonymous_9)
FNDA:1,(anonymous_10)
FNDA:0,(anonymous_11)
FNDA:0,(anonymous_12)
FNDA:0,(anonymous_13)
FNDA:59,(anonymous_14)
FNDA:45,(anonymous_15)
FNDA:46,(anonymous_16)
FNDA:46,(anonymous_17)
FNDA:1,(anonymous_18)
FNDA:1,(anonymous_19)
FNDA:0,(anonymous_20)
FNDA:0,(anonymous_21)
DA:12,3
DA:13,66
DA:20,76
DA:21,76
DA:22,76
DA:23,76
DA:28,76
DA:29,78
DA:30,78
DA:31,78
DA:32,78
DA:35,76
DA:36,0
DA:37,0
DA:38,0
DA:41,76
DA:42,1
DA:43,1
DA:44,1
DA:48,76
DA:50,76
DA:54,76
DA:55,46
DA:58,76
DA:59,1
DA:65,76
DA:66,1
DA:67,1
DA:69,1
DA:71,0
DA:75,76
DA:76,46
DA:79,1
DA:89,76
DA:90,0
DA:92,0
DA:94,0
DA:97,76
DA:123,59
DA:129,45
DA:139,46
DA:141,46
DA:164,1
DA:184,1
DA:191,0
DA:197,0
DA:206,3
LF:47
LH:38
BRDA:89,0,0,6
BRDA:89,0,1,70
BRDA:104,1,0,76
BRDA:104,1,1,6
BRDA:115,2,0,25
BRDA:115,2,1,51
BRDA:132,3,0,45
BRDA:132,3,1,3
BRDA:147,4,0,46
BRDA:147,4,1,45
BRDA:155,5,0,46
BRDA:155,5,1,45
BRF:12
BRH:12
end_of_record
TN:
SF:app/manual-entry.tsx
FN:18,ManualEntryScreen
FN:25,(anonymous_1)
FN:33,(anonymous_2)
FN:56,(anonymous_3)
FN:61,(anonymous_4)
FN:66,(anonymous_5)
FN:71,(anonymous_6)
FN:78,(anonymous_7)
FN:82,(anonymous_8)
FN:113,(anonymous_9)
FN:143,(anonymous_10)
FN:147,(anonymous_11)
FN:169,(anonymous_12)
FNF:13
FNH:9
FNDA:47,ManualEntryScreen
FNDA:47,(anonymous_1)
FNDA:88,(anonymous_2)
FNDA:47,(anonymous_3)
FNDA:0,(anonymous_4)
FNDA:2,(anonymous_5)
FNDA:2,(anonymous_6)
FNDA:2,(anonymous_7)
FNDA:2,(anonymous_8)
FNDA:0,(anonymous_9)
FNDA:79,(anonymous_10)
FNDA:0,(anonymous_11)
FNDA:0,(anonymous_12)
DA:19,47
DA:20,47
DA:21,47
DA:22,47
DA:23,47
DA:25,47
DA:26,47
DA:28,47
DA:30,47
DA:32,25
DA:34,88
DA:35,88
DA:36,88
DA:40,25
DA:43,22
DA:44,22
DA:47,0
DA:49,0
DA:50,0
DA:55,47
DA:57,47
DA:61,47
DA:62,0
DA:63,0
DA:66,47
DA:67,2
DA:68,2
DA:71,47
DA:73,2
DA:75,2
DA:78,47
DA:79,2
DA:82,47
DA:83,2
DA:84,0
DA:85,0
DA:88,2
DA:89,0
DA:90,0
DA:93,2
DA:94,2
DA:95,0
DA:96,0
DA:99,2
DA:101,2
DA:107,2
DA:113,0
DA:118,0
DA:122,47
DA:144,79
DA:147,0
DA:170,0
DA:171,0
DA:198,5
LF:54
LH:38
BRDA:30,0,0,25
BRDA:30,0,1,22
BRDA:34,1,0,88
BRDA:34,1,1,18
BRDA:35,2,0,88
BRDA:35,2,1,18
BRDA:83,3,0,0
BRDA:83,3,1,2
BRDA:88,4,0,0
BRDA:88,4,1,2
BRDA:94,5,0,0
BRDA:94,5,1,2
BRDA:94,6,0,2
BRDA:94,6,1,2
BRDA:125,7,0,47
BRDA:125,7,1,0
BRDA:139,8,0,47
BRDA:139,8,1,29
BRDA:139,8,2,26
BRDA:166,9,0,47
BRDA:166,9,1,9
BRF:21
BRH:17
end_of_record
TN:
SF:app/review-score.tsx
FN:5,ReviewScore
FN:20,(anonymous_1)
FN:47,(anonymous_2)
FN:58,(anonymous_3)
FNF:4
FNH:4
FNDA:6,ReviewScore
FNDA:1,(anonymous_1)
FNDA:1,(anonymous_2)
FNDA:1,(anonymous_3)
DA:6,6
DA:13,6
DA:15,6
DA:16,6
DA:17,6
DA:18,6
DA:20,6
DA:22,1
DA:23,0
DA:31,0
DA:34,1
DA:35,1
DA:41,1
DA:43,0
DA:47,6
DA:48,1
DA:58,6
DA:59,1
DA:69,6
DA:113,1
LF:20
LH:17
BRDA:22,0,0,0
BRDA:22,0,1,1
BRDA:22,1,0,1
BRDA:22,1,1,1
BRDA:80,2,0,6
BRDA:80,2,1,1
BRDA:89,3,0,6
BRDA:89,3,1,2
BRF:8
BRH:7
end_of_record
TN:
SF:app/venues.tsx
FN:33,VenuesScreen
FN:40,(anonymous_1)
FN:53,(anonymous_2)
FN:57,(anonymous_3)
FN:94,(anonymous_4)
FN:108,(anonymous_5)
FN:129,(anonymous_6)
FN:133,(anonymous_7)
FNF:8
FNH:7
FNDA:16,VenuesScreen
FNDA:16,(anonymous_1)
FNDA:7,(anonymous_2)
FNDA:8,(anonymous_3)
FNDA:1,(anonymous_4)
FNDA:0,(anonymous_5)
FNDA:4,(anonymous_6)
FNDA:1,(anonymous_7)
DA:25,1
DA:34,16
DA:35,16
DA:36,16
DA:37,16
DA:38,16
DA:40,16
DA:42,16
DA:43,8
DA:53,16
DA:54,7
DA:57,16
DA:58,8
DA:59,8
DA:60,8
DA:63,8
DA:64,8
DA:65,1
DA:66,1
DA:67,1
DA:71,7
DA:76,7
DA:81,5
DA:82,2
DA:84,3
DA:87,2
DA:88,2
DA:90,8
DA:94,16
DA:95,1
DA:96,1
DA:99,16
DA:104,16
DA:108,0
DA:130,4
DA:133,1
DA:149,1
LF:37
LH:36
BRDA:42,0,0,8
BRDA:42,0,1,8
BRDA:64,1,0,1
BRDA:64,1,1,7
BRDA:81,2,0,2
BRDA:81,2,1,3
BRDA:113,3,0,8
BRDA:113,3,1,8
BRDA:120,4,0,5
BRDA:120,4,1,3
BRF:10
BRH:10
end_of_record
TN:
SF:services/ai-vision.ts
FN:18,getMediaType
FN:25,extractJsonFromResponse
FN:61,(anonymous_2)
FN:147,(anonymous_3)
FN:193,(anonymous_4)
FN:199,getMockResult
FNF:6
FNH:4
FNDA:0,getMediaType
FNDA:17,extractJsonFromResponse
FNDA:12,(anonymous_2)
FNDA:7,(anonymous_3)
FNDA:0,(anonymous_4)
FNDA:6,getMockResult
DA:20,0
DA:26,17
DA:27,1
DA:30,16
DA:33,16
DA:36,16
DA:38,16
DA:42,16
DA:43,16
DA:44,4
DA:47,12
DA:49,12
DA:52,12
DA:53,1
DA:56,11
DA:59,4
DA:62,12
DA:65,12
DA:66,1
DA:69,11
DA:71,11
DA:76,11
DA:77,11
DA:82,8
DA:85,8
DA:90,8
DA:91,8
DA:92,8
DA:95,8
DA:96,8
DA:99,8
DA:102,8
DA:105,8
DA:144,7
DA:147,7
DA:148,7
DA:149,0
DA:153,7
DA:155,7
DA:157,6
DA:159,6
DA:167,5
DA:168,5
DA:169,5
DA:172,5
DA:173,5
DA:174,5
DA:175,0
DA:177,5
DA:178,0
DA:180,5
DA:181,0
DA:186,5
DA:200,6
LF:54
LH:49
BRDA:26,0,0,1
BRDA:26,0,1,16
BRDA:26,1,0,17
BRDA:26,1,1,16
BRDA:43,2,0,4
BRDA:43,2,1,12
BRDA:52,3,0,1
BRDA:52,3,1,11
BRDA:62,4,0,12
BRDA:62,4,1,11
BRDA:65,5,0,1
BRDA:65,5,1,11
BRDA:148,6,0,0
BRDA:148,6,1,7
BRDA:148,7,0,7
BRDA:148,7,1,7
BRDA:161,8,0,6
BRDA:161,8,1,0
BRDA:168,9,0,5
BRDA:168,9,1,0
BRDA:169,10,0,5
BRDA:169,10,1,0
BRDA:172,11,0,5
BRDA:172,11,1,0
BRDA:172,12,0,5
BRDA:172,12,1,5
BRDA:174,13,0,0
BRDA:174,13,1,5
BRDA:177,14,0,0
BRDA:177,14,1,5
BRDA:180,15,0,0
BRDA:180,15,1,5
BRDA:188,16,0,5
BRDA:188,16,1,0
BRF:34
BRH:25
end_of_record
TN:
SF:services/pinballmap-api.ts
FN:40,calculateDistance
FN:54,fetchAllLocations
FN:66,(anonymous_2)
FN:81,fetchMachineCount
FN:92,(anonymous_4)
FN:102,getNearbyVenues
FN:112,(anonymous_6)
FN:132,(anonymous_7)
FN:133,(anonymous_8)
FNF:9
FNH:8
FNDA:957,calculateDistance
FNDA:3,fetchAllLocations
FNDA:957,(anonymous_2)
FNDA:3,fetchMachineCount
FNDA:4467,(anonymous_4)
FNDA:3,getNearbyVenues
FNDA:957,(anonymous_6)
FNDA:957,(anonymous_7)
FNDA:0,(anonymous_8)
DA:8,2
DA:9,2
DA:10,2
DA:11,2
DA:12,2
DA:41,957
DA:42,957
DA:43,957
DA:45,957
DA:50,957
DA:51,957
DA:55,3
DA:57,3
DA:58,3
DA:59,6
DA:60,6
DA:61,6
DA:63,6
DA:64,6
DA:65,6
DA:66,957
DA:74,3
DA:76,0
DA:77,0
DA:82,3
DA:83,3
DA:85,3
DA:86,6
DA:87,6
DA:88,6
DA:90,6
DA:91,6
DA:92,4467
DA:95,3
DA:97,0
DA:98,0
DA:106,3
DA:108,3
DA:111,3
DA:113,957
DA:115,957
DA:116,3
DA:117,3
DA:126,954
DA:131,3
DA:132,957
DA:133,0
DA:136,0
DA:137,0
LF:49
LH:42
BRDA:61,0,0,0
BRDA:61,0,1,6
BRDA:64,1,0,6
BRDA:64,1,1,0
BRDA:88,2,0,0
BRDA:88,2,1,6
BRDA:91,3,0,6
BRDA:91,3,1,0
BRDA:115,4,0,3
BRDA:115,4,1,954
BRF:10
BRH:6
end_of_record
TN:
SF:services/storage.ts
FN:10,(anonymous_0)
FN:21,(anonymous_1)
FN:40,(anonymous_2)
FN:58,(anonymous_3)
FN:83,(anonymous_4)
FN:86,(anonymous_5)
FN:104,(anonymous_6)
FN:115,(anonymous_7)
FN:119,(anonymous_8)
FN:120,(anonymous_9)
FN:142,(anonymous_10)
FN:150,(anonymous_11)
FN:152,(anonymous_12)
FN:156,(anonymous_13)
FN:164,(anonymous_14)
FN:165,(anonymous_15)
FN:178,(anonymous_16)
FN:199,(anonymous_17)
FN:208,(anonymous_18)
FN:212,(anonymous_19)
FN:220,(anonymous_20)
FN:224,(anonymous_21)
FN:236,(anonymous_22)
FN:238,(anonymous_23)
FN:251,(anonymous_24)
FN:257,(anonymous_25)
FN:276,(anonymous_26)
FN:281,(anonymous_27)
FN:284,(anonymous_28)
FN:293,(anonymous_29)
FN:317,(anonymous_30)
FN:323,(anonymous_31)
FN:331,(anonymous_32)
FNF:33
FNH:30
FNDA:66,(anonymous_0)
FNDA:9,(anonymous_1)
FNDA:27,(anonymous_2)
FNDA:11,(anonymous_3)
FNDA:0,(anonymous_4)
FNDA:0,(anonymous_5)
FNDA:56,(anonymous_6)
FNDA:8,(anonymous_7)
FNDA:0,(anonymous_8)
FNDA:1,(anonymous_9)
FNDA:3,(anonymous_10)
FNDA:5,(anonymous_11)
FNDA:14,(anonymous_12)
FNDA:3,(anonymous_13)
FNDA:5,(anonymous_14)
FNDA:2,(anonymous_15)
FNDA:2,(anonymous_16)
FNDA:6,(anonymous_17)
FNDA:6,(anonymous_18)
FNDA:10,(anonymous_19)
FNDA:2,(anonymous_20)
FNDA:2,(anonymous_21)
FNDA:1,(anonymous_22)
FNDA:1,(anonymous_23)
FNDA:9,(anonymous_24)
FNDA:9,(anonymous_25)
FNDA:9,(anonymous_26)
FNDA:5,(anonymous_27)
FNDA:2,(anonymous_28)
FNDA:6,(anonymous_29)
FNDA:5,(anonymous_30)
FNDA:4,(anonymous_31)
FNDA:6,(anonymous_32)
DA:4,10
DA:5,10
DA:8,10
DA:11,66
DA:12,66
DA:13,66
DA:15,0
DA:16,0
DA:22,9
DA:23,9
DA:25,9
DA:26,9
DA:30,9
DA:31,9
DA:32,9
DA:34,0
DA:35,0
DA:41,27
DA:42,27
DA:44,27
DA:45,27
DA:53,27
DA:54,27
DA:57,27
DA:58,27
DA:60,27
DA:62,9
DA:63,9
DA:66,18
DA:71,18
DA:72,18
DA:75,27
DA:77,0
DA:78,0
DA:84,0
DA:85,0
DA:86,0
DA:88,0
DA:89,0
DA:90,0
DA:94,0
DA:95,0
DA:98,0
DA:99,0
DA:105,56
DA:106,56
DA:107,56
DA:109,0
DA:110,0
DA:116,8
DA:117,8
DA:118,8
DA:119,0
DA:120,1
DA:122,8
DA:123,0
DA:127,8
DA:128,8
DA:132,8
DA:133,8
DA:134,8
DA:136,0
DA:137,0
DA:143,3
DA:144,3
DA:149,3
DA:151,5
DA:153,14
DA:156,3
DA:159,5
DA:164,5
DA:167,2
DA:168,2
DA:169,2
DA:172,0
DA:173,0
DA:179,2
DA:200,6
DA:202,6
DA:203,6
DA:205,6
DA:208,6
DA:209,6
DA:212,10
DA:213,6
DA:218,6
DA:219,3
DA:220,2
DA:223,3
DA:224,2
DA:229,6
DA:230,2
DA:231,2
DA:232,2
DA:235,2
DA:236,1
DA:238,1
DA:241,2
DA:245,0
DA:246,0
DA:252,9
DA:253,9
DA:254,9
DA:256,9
DA:257,9
DA:258,9
DA:260,9
DA:261,9
DA:262,9
DA:264,9
DA:267,9
DA:268,9
DA:269,9
DA:272,9
DA:275,6
DA:276,9
DA:279,6
DA:281,5
DA:284,2
DA:285,2
DA:286,2
DA:292,9
DA:293,9
DA:295,9
DA:297,5
DA:302,5
DA:305,4
DA:308,9
DA:311,0
DA:312,0
DA:318,5
DA:319,5
DA:320,5
DA:322,4
DA:323,4
DA:325,0
DA:326,0
DA:332,6
DA:333,6
DA:335,0
DA:336,0
LF:141
LH:109
BRDA:13,0,0,42
BRDA:13,0,1,24
BRDA:60,1,0,9
BRDA:60,1,1,18
BRDA:88,2,0,0
BRDA:88,2,1,0
BRDA:107,3,0,32
BRDA:107,3,1,24
BRDA:118,4,0,0
BRDA:118,4,1,8
BRDA:122,5,0,0
BRDA:122,5,1,8
BRDA:127,6,0,0
BRDA:127,6,1,8
BRDA:153,7,0,14
BRDA:153,7,1,10
BRDA:167,8,0,2
BRDA:167,8,1,1
BRDA:168,9,0,2
BRDA:168,9,1,1
BRDA:203,10,0,0
BRDA:203,10,1,6
BRDA:209,11,0,0
BRDA:209,11,1,6
BRDA:218,12,0,3
BRDA:218,12,1,3
BRDA:229,13,0,2
BRDA:229,13,1,4
BRDA:231,14,0,2
BRDA:231,14,1,0
BRDA:235,15,0,1
BRDA:235,15,1,1
BRDA:254,16,0,0
BRDA:254,16,1,9
BRDA:258,17,0,0
BRDA:258,17,1,9
BRDA:268,18,0,9
BRDA:268,18,1,0
BRDA:272,19,0,6
BRDA:272,19,1,3
BRDA:272,20,0,9
BRDA:272,20,1,7
BRDA:276,21,0,9
BRDA:276,21,1,2
BRDA:279,22,0,4
BRDA:279,22,1,2
BRDA:285,23,0,2
BRDA:285,23,1,0
BRDA:292,24,0,9
BRDA:292,24,1,2
BRDA:295,25,0,5
BRDA:295,25,1,4
BRDA:320,26,0,1
BRDA:320,26,1,4
BRDA:323,27,0,4
BRDA:323,27,1,0
BRF:56
BRH:43
end_of_record
TN:
SF:services/venue-context.ts
FN:16,setActiveVenue
FN:26,getActiveVenue
FN:36,clearActiveVenue
FNF:3
FNH:3
FNDA:4,setActiveVenue
FNDA:69,getActiveVenue
FNDA:1,clearActiveVenue
DA:9,5
DA:17,4
DA:18,4
DA:19,4
DA:21,0
DA:22,0
DA:27,69
DA:28,69
DA:29,69
DA:31,0
DA:32,0
DA:37,1
DA:38,1
DA:40,0
DA:41,0
LF:15
LH:9
BRDA:29,0,0,2
BRDA:29,0,1,67
BRF:2
BRH:2
end_of_record
TN:
SF:types/index.ts
FNF:0
FNH:0
LF:0
LH:0
BRF:0
BRH:0
end_of_record
TN:
SF:utils/date-format.ts
FN:11,formatScoreDate
FNF:1
FNH:1
FNDA:52,formatScoreDate
DA:1,4
DA:12,52
DA:13,52
DA:14,52
DA:15,52
DA:17,52
LF:6
LH:6
BRF:0
BRH:0
end_of_record
